{"/home/rob/cl-react-ui/src/components/Tip.js":{"path":"/home/rob/cl-react-ui/src/components/Tip.js","statementMap":{"0":{"start":{"line":3,"column":0},"end":{"line":5,"column":3}},"1":{"start":{"line":7,"column":19},"end":{"line":7,"column":563}},"2":{"start":{"line":7,"column":76},"end":{"line":7,"column":347}},"3":{"start":{"line":7,"column":134},"end":{"line":7,"column":142}},"4":{"start":{"line":7,"column":144},"end":{"line":7,"column":199}},"5":{"start":{"line":7,"column":200},"end":{"line":7,"column":231}},"6":{"start":{"line":7,"column":232},"end":{"line":7,"column":286}},"7":{"start":{"line":7,"column":259},"end":{"line":7,"column":286}},"8":{"start":{"line":7,"column":287},"end":{"line":7,"column":345}},"9":{"start":{"line":7,"column":350},"end":{"line":7,"column":559}},"10":{"start":{"line":7,"column":407},"end":{"line":7,"column":475}},"11":{"start":{"line":7,"column":423},"end":{"line":7,"column":475}},"12":{"start":{"line":7,"column":476},"end":{"line":7,"column":536}},"13":{"start":{"line":7,"column":493},"end":{"line":7,"column":536}},"14":{"start":{"line":7,"column":537},"end":{"line":7,"column":556}},"15":{"start":{"line":9,"column":13},"end":{"line":9,"column":29}},"16":{"start":{"line":11,"column":14},"end":{"line":11,"column":44}},"17":{"start":{"line":13,"column":22},"end":{"line":13,"column":48}},"18":{"start":{"line":15,"column":13},"end":{"line":15,"column":32}},"19":{"start":{"line":17,"column":39},"end":{"line":17,"column":93}},"20":{"start":{"line":19,"column":50},"end":{"line":19,"column":151}},"21":{"start":{"line":19,"column":92},"end":{"line":19,"column":149}},"22":{"start":{"line":21,"column":50},"end":{"line":21,"column":151}},"23":{"start":{"line":21,"column":63},"end":{"line":21,"column":149}},"24":{"start":{"line":21,"column":152},"end":{"line":21,"column":238}},"25":{"start":{"line":23,"column":43},"end":{"line":23,"column":208}},"26":{"start":{"line":23,"column":106},"end":{"line":23,"column":206}},"27":{"start":{"line":23,"column":209},"end":{"line":23,"column":373}},"28":{"start":{"line":23,"column":374},"end":{"line":23,"column":492}},"29":{"start":{"line":23,"column":390},"end":{"line":23,"column":492}},"30":{"start":{"line":29,"column":10},"end":{"line":68,"column":19}},"31":{"start":{"line":30,"column":2},"end":{"line":30,"column":29}},"32":{"start":{"line":33,"column":4},"end":{"line":33,"column":31}},"33":{"start":{"line":35,"column":4},"end":{"line":35,"column":114}},"34":{"start":{"line":38,"column":2},"end":{"line":65,"column":6}},"35":{"start":{"line":41,"column":19},"end":{"line":41,"column":29}},"36":{"start":{"line":42,"column":21},"end":{"line":42,"column":36}},"37":{"start":{"line":43,"column":19},"end":{"line":43,"column":32}},"38":{"start":{"line":44,"column":16},"end":{"line":44,"column":26}},"39":{"start":{"line":45,"column":20},"end":{"line":45,"column":106}},"40":{"start":{"line":46,"column":20},"end":{"line":46,"column":72}},"41":{"start":{"line":47,"column":15},"end":{"line":47,"column":30}},"42":{"start":{"line":48,"column":20},"end":{"line":52,"column":7}},"43":{"start":{"line":54,"column":6},"end":{"line":63,"column":8}},"44":{"start":{"line":67,"column":2},"end":{"line":67,"column":13}},"45":{"start":{"line":70,"column":0},"end":{"line":70,"column":22}}},"fnMap":{"0":{"name":"(anonymous_0)","decl":{"start":{"line":7,"column":19},"end":{"line":7,"column":20}},"loc":{"start":{"line":7,"column":31},"end":{"line":7,"column":561}},"line":7},"1":{"name":"defineProperties","decl":{"start":{"line":7,"column":42},"end":{"line":7,"column":58}},"loc":{"start":{"line":7,"column":74},"end":{"line":7,"column":349}},"line":7},"2":{"name":"(anonymous_2)","decl":{"start":{"line":7,"column":357},"end":{"line":7,"column":358}},"loc":{"start":{"line":7,"column":405},"end":{"line":7,"column":558}},"line":7},"3":{"name":"_interopRequireDefault","decl":{"start":{"line":17,"column":9},"end":{"line":17,"column":31}},"loc":{"start":{"line":17,"column":37},"end":{"line":17,"column":95}},"line":17},"4":{"name":"_classCallCheck","decl":{"start":{"line":19,"column":9},"end":{"line":19,"column":24}},"loc":{"start":{"line":19,"column":48},"end":{"line":19,"column":153}},"line":19},"5":{"name":"_possibleConstructorReturn","decl":{"start":{"line":21,"column":9},"end":{"line":21,"column":35}},"loc":{"start":{"line":21,"column":48},"end":{"line":21,"column":240}},"line":21},"6":{"name":"_inherits","decl":{"start":{"line":23,"column":9},"end":{"line":23,"column":18}},"loc":{"start":{"line":23,"column":41},"end":{"line":23,"column":494}},"line":23},"7":{"name":"(anonymous_7)","decl":{"start":{"line":29,"column":10},"end":{"line":29,"column":11}},"loc":{"start":{"line":29,"column":32},"end":{"line":68,"column":1}},"line":29},"8":{"name":"Tip","decl":{"start":{"line":32,"column":11},"end":{"line":32,"column":14}},"loc":{"start":{"line":32,"column":17},"end":{"line":36,"column":3}},"line":32},"9":{"name":"render","decl":{"start":{"line":40,"column":20},"end":{"line":40,"column":26}},"loc":{"start":{"line":40,"column":29},"end":{"line":64,"column":5}},"line":40}},"branchMap":{"0":{"loc":{"start":{"line":7,"column":168},"end":{"line":7,"column":198}},"type":"binary-expr","locations":[{"start":{"line":7,"column":168},"end":{"line":7,"column":189}},{"start":{"line":7,"column":193},"end":{"line":7,"column":198}}],"line":7},"1":{"loc":{"start":{"line":7,"column":232},"end":{"line":7,"column":286}},"type":"if","locations":[{"start":{"line":7,"column":232},"end":{"line":7,"column":286}},{"start":{"line":7,"column":232},"end":{"line":7,"column":286}}],"line":7},"2":{"loc":{"start":{"line":7,"column":407},"end":{"line":7,"column":475}},"type":"if","locations":[{"start":{"line":7,"column":407},"end":{"line":7,"column":475}},{"start":{"line":7,"column":407},"end":{"line":7,"column":475}}],"line":7},"3":{"loc":{"start":{"line":7,"column":476},"end":{"line":7,"column":536}},"type":"if","locations":[{"start":{"line":7,"column":476},"end":{"line":7,"column":536}},{"start":{"line":7,"column":476},"end":{"line":7,"column":536}}],"line":7},"4":{"loc":{"start":{"line":17,"column":46},"end":{"line":17,"column":92}},"type":"cond-expr","locations":[{"start":{"line":17,"column":70},"end":{"line":17,"column":73}},{"start":{"line":17,"column":76},"end":{"line":17,"column":92}}],"line":17},"5":{"loc":{"start":{"line":17,"column":46},"end":{"line":17,"column":67}},"type":"binary-expr","locations":[{"start":{"line":17,"column":46},"end":{"line":17,"column":49}},{"start":{"line":17,"column":53},"end":{"line":17,"column":67}}],"line":17},"6":{"loc":{"start":{"line":19,"column":50},"end":{"line":19,"column":151}},"type":"if","locations":[{"start":{"line":19,"column":50},"end":{"line":19,"column":151}},{"start":{"line":19,"column":50},"end":{"line":19,"column":151}}],"line":19},"7":{"loc":{"start":{"line":21,"column":50},"end":{"line":21,"column":151}},"type":"if","locations":[{"start":{"line":21,"column":50},"end":{"line":21,"column":151}},{"start":{"line":21,"column":50},"end":{"line":21,"column":151}}],"line":21},"8":{"loc":{"start":{"line":21,"column":159},"end":{"line":21,"column":237}},"type":"cond-expr","locations":[{"start":{"line":21,"column":226},"end":{"line":21,"column":230}},{"start":{"line":21,"column":233},"end":{"line":21,"column":237}}],"line":21},"9":{"loc":{"start":{"line":21,"column":159},"end":{"line":21,"column":223}},"type":"binary-expr","locations":[{"start":{"line":21,"column":159},"end":{"line":21,"column":163}},{"start":{"line":21,"column":168},"end":{"line":21,"column":192}},{"start":{"line":21,"column":196},"end":{"line":21,"column":222}}],"line":21},"10":{"loc":{"start":{"line":23,"column":43},"end":{"line":23,"column":208}},"type":"if","locations":[{"start":{"line":23,"column":43},"end":{"line":23,"column":208}},{"start":{"line":23,"column":43},"end":{"line":23,"column":208}}],"line":23},"11":{"loc":{"start":{"line":23,"column":47},"end":{"line":23,"column":102}},"type":"binary-expr","locations":[{"start":{"line":23,"column":47},"end":{"line":23,"column":79}},{"start":{"line":23,"column":83},"end":{"line":23,"column":102}}],"line":23},"12":{"loc":{"start":{"line":23,"column":244},"end":{"line":23,"column":278}},"type":"binary-expr","locations":[{"start":{"line":23,"column":244},"end":{"line":23,"column":254}},{"start":{"line":23,"column":258},"end":{"line":23,"column":278}}],"line":23},"13":{"loc":{"start":{"line":23,"column":374},"end":{"line":23,"column":492}},"type":"if","locations":[{"start":{"line":23,"column":374},"end":{"line":23,"column":492}},{"start":{"line":23,"column":374},"end":{"line":23,"column":492}}],"line":23},"14":{"loc":{"start":{"line":23,"column":390},"end":{"line":23,"column":491}},"type":"cond-expr","locations":[{"start":{"line":23,"column":414},"end":{"line":23,"column":457}},{"start":{"line":23,"column":460},"end":{"line":23,"column":491}}],"line":23},"15":{"loc":{"start":{"line":35,"column":45},"end":{"line":35,"column":88}},"type":"binary-expr","locations":[{"start":{"line":35,"column":45},"end":{"line":35,"column":58}},{"start":{"line":35,"column":62},"end":{"line":35,"column":88}}],"line":35},"16":{"loc":{"start":{"line":46,"column":20},"end":{"line":46,"column":72}},"type":"cond-expr","locations":[{"start":{"line":46,"column":37},"end":{"line":46,"column":51}},{"start":{"line":46,"column":54},"end":{"line":46,"column":72}}],"line":46}},"s":{"0":1,"1":1,"2":1,"3":1,"4":1,"5":1,"6":1,"7":1,"8":1,"9":1,"10":1,"11":1,"12":1,"13":0,"14":1,"15":1,"16":1,"17":1,"18":1,"19":1,"20":1,"21":0,"22":1,"23":0,"24":1,"25":1,"26":0,"27":1,"28":1,"29":1,"30":1,"31":1,"32":1,"33":1,"34":1,"35":1,"36":1,"37":1,"38":1,"39":1,"40":1,"41":1,"42":1,"43":1,"44":1,"45":1},"f":{"0":1,"1":1,"2":1,"3":1,"4":1,"5":1,"6":1,"7":1,"8":1,"9":1},"b":{"0":[1,1],"1":[1,0],"2":[1,0],"3":[0,1],"4":[0,1],"5":[1,1],"6":[0,1],"7":[0,1],"8":[0,1],"9":[1,0,0],"10":[0,1],"11":[1,0],"12":[1,1],"13":[1,0],"14":[1,0],"15":[1,0],"16":[1,0]},"_coverageSchema":"332fd63041d2c1bcb487cc26dd0d5f7d97098a6c","hash":"5cfcc527ae3d652b1f3cb2e43bbfffb9046b0461","contentHash":"7b5191d358772bf4d3c5945ebf5c3870_10.2.0"},"/home/rob/cl-react-ui/src/types/index.js":{"path":"/home/rob/cl-react-ui/src/types/index.js","statementMap":{},"fnMap":{},"branchMap":{},"s":{},"f":{},"b":{},"_coverageSchema":"332fd63041d2c1bcb487cc26dd0d5f7d97098a6c","hash":"96d4c88e7f76de78970129947c26944ff6a12be8","contentHash":"22e967b16995d938c6a77ca90ba9cb25_10.2.0"},"/home/rob/cl-react-ui/src/libs/index.js":{"path":"/home/rob/cl-react-ui/src/libs/index.js","statementMap":{"0":{"start":{"line":3,"column":0},"end":{"line":5,"column":3}},"1":{"start":{"line":6,"column":0},"end":{"line":6,"column":56}},"2":{"start":{"line":8,"column":22},"end":{"line":8,"column":50}},"3":{"start":{"line":10,"column":21},"end":{"line":10,"column":61}},"4":{"start":{"line":12,"column":18},"end":{"line":12,"column":41}},"5":{"start":{"line":14,"column":17},"end":{"line":14,"column":53}},"6":{"start":{"line":16,"column":40},"end":{"line":16,"column":267}},"7":{"start":{"line":16,"column":69},"end":{"line":16,"column":80}},"8":{"start":{"line":16,"column":103},"end":{"line":16,"column":105}},"9":{"start":{"line":16,"column":107},"end":{"line":16,"column":228}},"10":{"start":{"line":16,"column":126},"end":{"line":16,"column":226}},"11":{"start":{"line":16,"column":149},"end":{"line":16,"column":224}},"12":{"start":{"line":16,"column":201},"end":{"line":16,"column":224}},"13":{"start":{"line":16,"column":229},"end":{"line":16,"column":250}},"14":{"start":{"line":16,"column":251},"end":{"line":16,"column":265}},"15":{"start":{"line":18,"column":0},"end":{"line":18,"column":40}},"16":{"start":{"line":19,"column":0},"end":{"line":19,"column":32}}},"fnMap":{"0":{"name":"_interopRequireWildcard","decl":{"start":{"line":16,"column":9},"end":{"line":16,"column":32}},"loc":{"start":{"line":16,"column":38},"end":{"line":16,"column":269}},"line":16}},"branchMap":{"0":{"loc":{"start":{"line":16,"column":40},"end":{"line":16,"column":267}},"type":"if","locations":[{"start":{"line":16,"column":40},"end":{"line":16,"column":267}},{"start":{"line":16,"column":40},"end":{"line":16,"column":267}}],"line":16},"1":{"loc":{"start":{"line":16,"column":44},"end":{"line":16,"column":65}},"type":"binary-expr","locations":[{"start":{"line":16,"column":44},"end":{"line":16,"column":47}},{"start":{"line":16,"column":51},"end":{"line":16,"column":65}}],"line":16},"2":{"loc":{"start":{"line":16,"column":107},"end":{"line":16,"column":228}},"type":"if","locations":[{"start":{"line":16,"column":107},"end":{"line":16,"column":228}},{"start":{"line":16,"column":107},"end":{"line":16,"column":228}}],"line":16},"3":{"loc":{"start":{"line":16,"column":149},"end":{"line":16,"column":224}},"type":"if","locations":[{"start":{"line":16,"column":149},"end":{"line":16,"column":224}},{"start":{"line":16,"column":149},"end":{"line":16,"column":224}}],"line":16}},"s":{"0":1,"1":1,"2":1,"3":1,"4":1,"5":1,"6":2,"7":2,"8":0,"9":0,"10":0,"11":0,"12":0,"13":0,"14":0,"15":1,"16":1},"f":{"0":2},"b":{"0":[2,0],"1":[2,2],"2":[0,0],"3":[0,0]},"_coverageSchema":"332fd63041d2c1bcb487cc26dd0d5f7d97098a6c","hash":"c608a301d319a67e9d728457a4763bac94cde9c0","contentHash":"d0c4bf77ddbb0dc015b819976c819912_10.2.0"},"/home/rob/cl-react-ui/src/libs/react-bootstrap/index.js":{"path":"/home/rob/cl-react-ui/src/libs/react-bootstrap/index.js","statementMap":{"0":{"start":{"line":3,"column":0},"end":{"line":5,"column":3}},"1":{"start":{"line":6,"column":0},"end":{"line":6,"column":225}},"2":{"start":{"line":8,"column":16},"end":{"line":8,"column":44}},"3":{"start":{"line":10,"column":17},"end":{"line":10,"column":50}},"4":{"start":{"line":12,"column":12},"end":{"line":12,"column":36}},"5":{"start":{"line":14,"column":13},"end":{"line":14,"column":42}},"6":{"start":{"line":16,"column":19},"end":{"line":16,"column":43}},"7":{"start":{"line":18,"column":20},"end":{"line":18,"column":56}},"8":{"start":{"line":20,"column":17},"end":{"line":20,"column":46}},"9":{"start":{"line":22,"column":18},"end":{"line":22,"column":52}},"10":{"start":{"line":24,"column":14},"end":{"line":24,"column":40}},"11":{"start":{"line":26,"column":15},"end":{"line":26,"column":46}},"12":{"start":{"line":28,"column":14},"end":{"line":28,"column":40}},"13":{"start":{"line":30,"column":15},"end":{"line":30,"column":46}},"14":{"start":{"line":32,"column":16},"end":{"line":32,"column":44}},"15":{"start":{"line":34,"column":17},"end":{"line":34,"column":50}},"16":{"start":{"line":36,"column":17},"end":{"line":36,"column":46}},"17":{"start":{"line":38,"column":18},"end":{"line":38,"column":52}},"18":{"start":{"line":40,"column":14},"end":{"line":40,"column":40}},"19":{"start":{"line":42,"column":15},"end":{"line":42,"column":46}},"20":{"start":{"line":44,"column":12},"end":{"line":44,"column":36}},"21":{"start":{"line":46,"column":13},"end":{"line":46,"column":42}},"22":{"start":{"line":48,"column":16},"end":{"line":48,"column":44}},"23":{"start":{"line":50,"column":17},"end":{"line":50,"column":50}},"24":{"start":{"line":52,"column":19},"end":{"line":52,"column":50}},"25":{"start":{"line":54,"column":20},"end":{"line":54,"column":56}},"26":{"start":{"line":56,"column":15},"end":{"line":56,"column":35}},"27":{"start":{"line":58,"column":14},"end":{"line":58,"column":47}},"28":{"start":{"line":60,"column":19},"end":{"line":60,"column":43}},"29":{"start":{"line":62,"column":18},"end":{"line":62,"column":55}},"30":{"start":{"line":64,"column":22},"end":{"line":64,"column":48}},"31":{"start":{"line":66,"column":40},"end":{"line":66,"column":267}},"32":{"start":{"line":66,"column":69},"end":{"line":66,"column":80}},"33":{"start":{"line":66,"column":103},"end":{"line":66,"column":105}},"34":{"start":{"line":66,"column":107},"end":{"line":66,"column":228}},"35":{"start":{"line":66,"column":126},"end":{"line":66,"column":226}},"36":{"start":{"line":66,"column":149},"end":{"line":66,"column":224}},"37":{"start":{"line":66,"column":201},"end":{"line":66,"column":224}},"38":{"start":{"line":66,"column":229},"end":{"line":66,"column":250}},"39":{"start":{"line":66,"column":251},"end":{"line":66,"column":265}},"40":{"start":{"line":68,"column":39},"end":{"line":68,"column":93}},"41":{"start":{"line":70,"column":13},"end":{"line":81,"column":1}},"42":{"start":{"line":82,"column":15},"end":{"line":82,"column":51}},"43":{"start":{"line":84,"column":0},"end":{"line":84,"column":40}},"44":{"start":{"line":85,"column":0},"end":{"line":85,"column":52}},"45":{"start":{"line":86,"column":0},"end":{"line":86,"column":24}},"46":{"start":{"line":87,"column":0},"end":{"line":87,"column":28}},"47":{"start":{"line":88,"column":0},"end":{"line":88,"column":36}},"48":{"start":{"line":89,"column":0},"end":{"line":89,"column":44}},"49":{"start":{"line":90,"column":0},"end":{"line":90,"column":50}},"50":{"start":{"line":91,"column":0},"end":{"line":91,"column":40}},"51":{"start":{"line":92,"column":0},"end":{"line":92,"column":46}},"52":{"start":{"line":93,"column":0},"end":{"line":93,"column":26}},"53":{"start":{"line":94,"column":0},"end":{"line":94,"column":34}}},"fnMap":{"0":{"name":"_interopRequireWildcard","decl":{"start":{"line":66,"column":9},"end":{"line":66,"column":32}},"loc":{"start":{"line":66,"column":38},"end":{"line":66,"column":269}},"line":66},"1":{"name":"_interopRequireDefault","decl":{"start":{"line":68,"column":9},"end":{"line":68,"column":31}},"loc":{"start":{"line":68,"column":37},"end":{"line":68,"column":95}},"line":68}},"branchMap":{"0":{"loc":{"start":{"line":66,"column":40},"end":{"line":66,"column":267}},"type":"if","locations":[{"start":{"line":66,"column":40},"end":{"line":66,"column":267}},{"start":{"line":66,"column":40},"end":{"line":66,"column":267}}],"line":66},"1":{"loc":{"start":{"line":66,"column":44},"end":{"line":66,"column":65}},"type":"binary-expr","locations":[{"start":{"line":66,"column":44},"end":{"line":66,"column":47}},{"start":{"line":66,"column":51},"end":{"line":66,"column":65}}],"line":66},"2":{"loc":{"start":{"line":66,"column":107},"end":{"line":66,"column":228}},"type":"if","locations":[{"start":{"line":66,"column":107},"end":{"line":66,"column":228}},{"start":{"line":66,"column":107},"end":{"line":66,"column":228}}],"line":66},"3":{"loc":{"start":{"line":66,"column":149},"end":{"line":66,"column":224}},"type":"if","locations":[{"start":{"line":66,"column":149},"end":{"line":66,"column":224}},{"start":{"line":66,"column":149},"end":{"line":66,"column":224}}],"line":66},"4":{"loc":{"start":{"line":68,"column":46},"end":{"line":68,"column":92}},"type":"cond-expr","locations":[{"start":{"line":68,"column":70},"end":{"line":68,"column":73}},{"start":{"line":68,"column":76},"end":{"line":68,"column":92}}],"line":68},"5":{"loc":{"start":{"line":68,"column":46},"end":{"line":68,"column":67}},"type":"binary-expr","locations":[{"start":{"line":68,"column":46},"end":{"line":68,"column":49}},{"start":{"line":68,"column":53},"end":{"line":68,"column":67}}],"line":68}},"s":{"0":1,"1":1,"2":1,"3":1,"4":1,"5":1,"6":1,"7":1,"8":1,"9":1,"10":1,"11":1,"12":1,"13":1,"14":1,"15":1,"16":1,"17":1,"18":1,"19":1,"20":1,"21":1,"22":1,"23":1,"24":1,"25":1,"26":1,"27":1,"28":1,"29":1,"30":1,"31":2,"32":2,"33":0,"34":0,"35":0,"36":0,"37":0,"38":0,"39":0,"40":12,"41":1,"42":1,"43":1,"44":1,"45":1,"46":1,"47":1,"48":1,"49":1,"50":1,"51":1,"52":1,"53":1},"f":{"0":2,"1":12},"b":{"0":[2,0],"1":[2,2],"2":[0,0],"3":[0,0],"4":[12,0],"5":[12,12]},"_coverageSchema":"332fd63041d2c1bcb487cc26dd0d5f7d97098a6c","hash":"cadff8fea3eba229e790e0a1b252359eae53a4d1","contentHash":"57accd9953b285b2e45043849147cf0d_10.2.0"},"/home/rob/cl-react-ui/src/libs/react-bootstrap/fields/Checkbox.js":{"path":"/home/rob/cl-react-ui/src/libs/react-bootstrap/fields/Checkbox.js","statementMap":{"0":{"start":{"line":3,"column":0},"end":{"line":5,"column":3}},"1":{"start":{"line":7,"column":13},"end":{"line":7,"column":29}},"2":{"start":{"line":9,"column":14},"end":{"line":9,"column":44}},"3":{"start":{"line":11,"column":22},"end":{"line":11,"column":48}},"4":{"start":{"line":13,"column":13},"end":{"line":13,"column":38}},"5":{"start":{"line":15,"column":39},"end":{"line":15,"column":93}},"6":{"start":{"line":17,"column":0},"end":{"line":38,"column":2}},"7":{"start":{"line":18,"column":14},"end":{"line":18,"column":24}},"8":{"start":{"line":19,"column":13},"end":{"line":19,"column":22}},"9":{"start":{"line":20,"column":18},"end":{"line":20,"column":31}},"10":{"start":{"line":21,"column":14},"end":{"line":21,"column":24}},"11":{"start":{"line":22,"column":16},"end":{"line":22,"column":67}},"12":{"start":{"line":23,"column":14},"end":{"line":23,"column":25}},"13":{"start":{"line":26,"column":2},"end":{"line":37,"column":4}},"14":{"start":{"line":32,"column":8},"end":{"line":32,"column":49}}},"fnMap":{"0":{"name":"_interopRequireDefault","decl":{"start":{"line":15,"column":9},"end":{"line":15,"column":31}},"loc":{"start":{"line":15,"column":37},"end":{"line":15,"column":95}},"line":15},"1":{"name":"(anonymous_1)","decl":{"start":{"line":17,"column":18},"end":{"line":17,"column":19}},"loc":{"start":{"line":17,"column":34},"end":{"line":38,"column":1}},"line":17},"2":{"name":"onChange","decl":{"start":{"line":31,"column":25},"end":{"line":31,"column":33}},"loc":{"start":{"line":31,"column":37},"end":{"line":33,"column":7}},"line":31}},"branchMap":{"0":{"loc":{"start":{"line":15,"column":46},"end":{"line":15,"column":92}},"type":"cond-expr","locations":[{"start":{"line":15,"column":70},"end":{"line":15,"column":73}},{"start":{"line":15,"column":76},"end":{"line":15,"column":92}}],"line":15},"1":{"loc":{"start":{"line":15,"column":46},"end":{"line":15,"column":67}},"type":"binary-expr","locations":[{"start":{"line":15,"column":46},"end":{"line":15,"column":49}},{"start":{"line":15,"column":53},"end":{"line":15,"column":67}}],"line":15},"2":{"loc":{"start":{"line":22,"column":16},"end":{"line":22,"column":67}},"type":"binary-expr","locations":[{"start":{"line":22,"column":16},"end":{"line":22,"column":30}},{"start":{"line":22,"column":34},"end":{"line":22,"column":47}},{"start":{"line":22,"column":51},"end":{"line":22,"column":67}}],"line":22}},"s":{"0":1,"1":1,"2":1,"3":1,"4":1,"5":1,"6":1,"7":10,"8":10,"9":10,"10":10,"11":10,"12":10,"13":10,"14":0},"f":{"0":1,"1":10,"2":0},"b":{"0":[0,1],"1":[1,1],"2":[10,10,10]},"_coverageSchema":"332fd63041d2c1bcb487cc26dd0d5f7d97098a6c","hash":"9775ef566c3acdce473c551090795b481a2c166f","contentHash":"08cdb5a4a619a2d7f8d3b52b0f23472c_10.2.0"},"/home/rob/cl-react-ui/src/libs/react-bootstrap/fields/Date.js":{"path":"/home/rob/cl-react-ui/src/libs/react-bootstrap/fields/Date.js","statementMap":{"0":{"start":{"line":3,"column":0},"end":{"line":5,"column":3}},"1":{"start":{"line":7,"column":13},"end":{"line":7,"column":29}},"2":{"start":{"line":9,"column":14},"end":{"line":9,"column":44}},"3":{"start":{"line":11,"column":22},"end":{"line":11,"column":48}},"4":{"start":{"line":13,"column":13},"end":{"line":13,"column":38}},"5":{"start":{"line":15,"column":39},"end":{"line":15,"column":93}},"6":{"start":{"line":17,"column":0},"end":{"line":32,"column":2}},"7":{"start":{"line":18,"column":22},"end":{"line":18,"column":32}},"8":{"start":{"line":19,"column":21},"end":{"line":19,"column":30}},"9":{"start":{"line":20,"column":26},"end":{"line":20,"column":39}},"10":{"start":{"line":21,"column":22},"end":{"line":21,"column":32}},"11":{"start":{"line":22,"column":28},"end":{"line":22,"column":45}},"12":{"start":{"line":24,"column":10},"end":{"line":31,"column":13}},"13":{"start":{"line":29,"column":30},"end":{"line":29,"column":69}}},"fnMap":{"0":{"name":"_interopRequireDefault","decl":{"start":{"line":15,"column":9},"end":{"line":15,"column":31}},"loc":{"start":{"line":15,"column":37},"end":{"line":15,"column":95}},"line":15},"1":{"name":"(anonymous_1)","decl":{"start":{"line":17,"column":18},"end":{"line":17,"column":19}},"loc":{"start":{"line":17,"column":34},"end":{"line":32,"column":1}},"line":17},"2":{"name":"onChange","decl":{"start":{"line":28,"column":39},"end":{"line":28,"column":47}},"loc":{"start":{"line":28,"column":51},"end":{"line":30,"column":21}},"line":28}},"branchMap":{"0":{"loc":{"start":{"line":15,"column":46},"end":{"line":15,"column":92}},"type":"cond-expr","locations":[{"start":{"line":15,"column":70},"end":{"line":15,"column":73}},{"start":{"line":15,"column":76},"end":{"line":15,"column":92}}],"line":15},"1":{"loc":{"start":{"line":15,"column":46},"end":{"line":15,"column":67}},"type":"binary-expr","locations":[{"start":{"line":15,"column":46},"end":{"line":15,"column":49}},{"start":{"line":15,"column":53},"end":{"line":15,"column":67}}],"line":15}},"s":{"0":1,"1":1,"2":1,"3":1,"4":1,"5":1,"6":1,"7":0,"8":0,"9":0,"10":0,"11":0,"12":0,"13":0},"f":{"0":1,"1":0,"2":0},"b":{"0":[0,1],"1":[1,1]},"_coverageSchema":"332fd63041d2c1bcb487cc26dd0d5f7d97098a6c","hash":"c20354304899a985a033d43bf34b1f8e9e34260a","contentHash":"6976fb9f299315a757387e15ddb772bd_10.2.0"},"/home/rob/cl-react-ui/src/libs/react-bootstrap/FormActions.js":{"path":"/home/rob/cl-react-ui/src/libs/react-bootstrap/FormActions.js","statementMap":{"0":{"start":{"line":3,"column":0},"end":{"line":5,"column":3}},"1":{"start":{"line":7,"column":13},"end":{"line":7,"column":29}},"2":{"start":{"line":9,"column":14},"end":{"line":9,"column":44}},"3":{"start":{"line":11,"column":22},"end":{"line":11,"column":48}},"4":{"start":{"line":13,"column":39},"end":{"line":13,"column":93}},"5":{"start":{"line":15,"column":44},"end":{"line":15,"column":195}},"6":{"start":{"line":15,"column":62},"end":{"line":15,"column":166}},"7":{"start":{"line":15,"column":176},"end":{"line":15,"column":193}},"8":{"start":{"line":15,"column":196},"end":{"line":15,"column":207}},"9":{"start":{"line":17,"column":0},"end":{"line":56,"column":2}},"10":{"start":{"line":18,"column":16},"end":{"line":18,"column":28}},"11":{"start":{"line":19,"column":17},"end":{"line":19,"column":30}},"12":{"start":{"line":21,"column":16},"end":{"line":50,"column":4}},"13":{"start":{"line":24,"column":21},"end":{"line":24,"column":31}},"14":{"start":{"line":25,"column":17},"end":{"line":25,"column":34}},"15":{"start":{"line":26,"column":13},"end":{"line":26,"column":26}},"16":{"start":{"line":27,"column":16},"end":{"line":27,"column":32}},"17":{"start":{"line":28,"column":15},"end":{"line":28,"column":30}},"18":{"start":{"line":29,"column":16},"end":{"line":29,"column":32}},"19":{"start":{"line":30,"column":15},"end":{"line":30,"column":33}},"20":{"start":{"line":31,"column":17},"end":{"line":31,"column":23}},"21":{"start":{"line":33,"column":4},"end":{"line":35,"column":5}},"22":{"start":{"line":34,"column":6},"end":{"line":34,"column":20}},"23":{"start":{"line":36,"column":4},"end":{"line":42,"column":5}},"24":{"start":{"line":37,"column":6},"end":{"line":37,"column":24}},"25":{"start":{"line":39,"column":6},"end":{"line":41,"column":8}},"26":{"start":{"line":40,"column":8},"end":{"line":40,"column":34}},"27":{"start":{"line":44,"column":4},"end":{"line":49,"column":6}},"28":{"start":{"line":51,"column":2},"end":{"line":55,"column":4}}},"fnMap":{"0":{"name":"_interopRequireDefault","decl":{"start":{"line":13,"column":9},"end":{"line":13,"column":31}},"loc":{"start":{"line":13,"column":37},"end":{"line":13,"column":95}},"line":13},"1":{"name":"_defineProperty","decl":{"start":{"line":15,"column":9},"end":{"line":15,"column":24}},"loc":{"start":{"line":15,"column":42},"end":{"line":15,"column":209}},"line":15},"2":{"name":"(anonymous_2)","decl":{"start":{"line":17,"column":18},"end":{"line":17,"column":19}},"loc":{"start":{"line":17,"column":34},"end":{"line":56,"column":1}},"line":17},"3":{"name":"(anonymous_3)","decl":{"start":{"line":21,"column":41},"end":{"line":21,"column":42}},"loc":{"start":{"line":21,"column":61},"end":{"line":50,"column":3}},"line":21},"4":{"name":"evnt","decl":{"start":{"line":30,"column":24},"end":{"line":30,"column":28}},"loc":{"start":{"line":30,"column":31},"end":{"line":30,"column":33}},"line":30},"5":{"name":"handle","decl":{"start":{"line":39,"column":24},"end":{"line":39,"column":30}},"loc":{"start":{"line":39,"column":34},"end":{"line":41,"column":7}},"line":39}},"branchMap":{"0":{"loc":{"start":{"line":13,"column":46},"end":{"line":13,"column":92}},"type":"cond-expr","locations":[{"start":{"line":13,"column":70},"end":{"line":13,"column":73}},{"start":{"line":13,"column":76},"end":{"line":13,"column":92}}],"line":13},"1":{"loc":{"start":{"line":13,"column":46},"end":{"line":13,"column":67}},"type":"binary-expr","locations":[{"start":{"line":13,"column":46},"end":{"line":13,"column":49}},{"start":{"line":13,"column":53},"end":{"line":13,"column":67}}],"line":13},"2":{"loc":{"start":{"line":15,"column":44},"end":{"line":15,"column":195}},"type":"if","locations":[{"start":{"line":15,"column":44},"end":{"line":15,"column":195}},{"start":{"line":15,"column":44},"end":{"line":15,"column":195}}],"line":15},"3":{"loc":{"start":{"line":33,"column":4},"end":{"line":35,"column":5}},"type":"if","locations":[{"start":{"line":33,"column":4},"end":{"line":35,"column":5}},{"start":{"line":33,"column":4},"end":{"line":35,"column":5}}],"line":33},"4":{"loc":{"start":{"line":36,"column":4},"end":{"line":42,"column":5}},"type":"if","locations":[{"start":{"line":36,"column":4},"end":{"line":42,"column":5}},{"start":{"line":36,"column":4},"end":{"line":42,"column":5}}],"line":36},"5":{"loc":{"start":{"line":47,"column":240},"end":{"line":47,"column":262}},"type":"cond-expr","locations":[{"start":{"line":47,"column":247},"end":{"line":47,"column":251}},{"start":{"line":47,"column":254},"end":{"line":47,"column":262}}],"line":47}},"s":{"0":1,"1":1,"2":1,"3":1,"4":1,"5":40,"6":10,"7":30,"8":40,"9":1,"10":5,"11":5,"12":5,"13":10,"14":10,"15":10,"16":10,"17":10,"18":10,"19":10,"20":10,"21":10,"22":0,"23":10,"24":0,"25":10,"26":0,"27":10,"28":5},"f":{"0":1,"1":40,"2":5,"3":10,"4":0,"5":0},"b":{"0":[0,1],"1":[1,1],"2":[10,30],"3":[0,10],"4":[0,10],"5":[0,10]},"_coverageSchema":"332fd63041d2c1bcb487cc26dd0d5f7d97098a6c","hash":"a99b0af61c736dd2b4bc2e6e622b0c415853fdab","contentHash":"e1b74c2addff2df6316a695d8a12c10c_10.2.0"},"/home/rob/cl-react-ui/src/libs/react-bootstrap/fields/FormGroup.js":{"path":"/home/rob/cl-react-ui/src/libs/react-bootstrap/fields/FormGroup.js","statementMap":{"0":{"start":{"line":3,"column":0},"end":{"line":5,"column":3}},"1":{"start":{"line":7,"column":13},"end":{"line":7,"column":29}},"2":{"start":{"line":9,"column":14},"end":{"line":9,"column":44}},"3":{"start":{"line":11,"column":22},"end":{"line":11,"column":48}},"4":{"start":{"line":13,"column":39},"end":{"line":13,"column":93}},"5":{"start":{"line":15,"column":0},"end":{"line":49,"column":2}},"6":{"start":{"line":16,"column":23},"end":{"line":16,"column":43}},"7":{"start":{"line":17,"column":15},"end":{"line":17,"column":27}},"8":{"start":{"line":18,"column":14},"end":{"line":18,"column":25}},"9":{"start":{"line":19,"column":24},"end":{"line":19,"column":45}},"10":{"start":{"line":21,"column":14},"end":{"line":25,"column":3}},"11":{"start":{"line":27,"column":2},"end":{"line":48,"column":4}},"12":{"start":{"line":42,"column":6},"end":{"line":46,"column":8}}},"fnMap":{"0":{"name":"_interopRequireDefault","decl":{"start":{"line":13,"column":9},"end":{"line":13,"column":31}},"loc":{"start":{"line":13,"column":37},"end":{"line":13,"column":95}},"line":13},"1":{"name":"(anonymous_1)","decl":{"start":{"line":15,"column":18},"end":{"line":15,"column":19}},"loc":{"start":{"line":15,"column":35},"end":{"line":49,"column":1}},"line":15},"2":{"name":"(anonymous_2)","decl":{"start":{"line":41,"column":15},"end":{"line":41,"column":16}},"loc":{"start":{"line":41,"column":35},"end":{"line":47,"column":5}},"line":41}},"branchMap":{"0":{"loc":{"start":{"line":13,"column":46},"end":{"line":13,"column":92}},"type":"cond-expr","locations":[{"start":{"line":13,"column":70},"end":{"line":13,"column":73}},{"start":{"line":13,"column":76},"end":{"line":13,"column":92}}],"line":13},"1":{"loc":{"start":{"line":13,"column":46},"end":{"line":13,"column":67}},"type":"binary-expr","locations":[{"start":{"line":13,"column":46},"end":{"line":13,"column":49}},{"start":{"line":13,"column":53},"end":{"line":13,"column":67}}],"line":13},"2":{"loc":{"start":{"line":21,"column":14},"end":{"line":25,"column":3}},"type":"cond-expr","locations":[{"start":{"line":21,"column":62},"end":{"line":21,"column":66}},{"start":{"line":21,"column":69},"end":{"line":25,"column":3}}],"line":21},"3":{"loc":{"start":{"line":21,"column":14},"end":{"line":21,"column":59}},"type":"binary-expr","locations":[{"start":{"line":21,"column":14},"end":{"line":21,"column":37}},{"start":{"line":21,"column":41},"end":{"line":21,"column":59}}],"line":21}},"s":{"0":1,"1":1,"2":1,"3":1,"4":1,"5":1,"6":10,"7":10,"8":10,"9":10,"10":10,"11":10,"12":0},"f":{"0":1,"1":10,"2":0},"b":{"0":[0,1],"1":[1,1],"2":[0,10],"3":[10,10]},"_coverageSchema":"332fd63041d2c1bcb487cc26dd0d5f7d97098a6c","hash":"6e5758ab6a09f6a7963142bbd71b741286652bc8","contentHash":"483fd78040bc1f0d0102e86ab27a325b_10.2.0"},"/home/rob/cl-react-ui/src/libs/react-bootstrap/fields/Hidden.js":{"path":"/home/rob/cl-react-ui/src/libs/react-bootstrap/fields/Hidden.js","statementMap":{"0":{"start":{"line":3,"column":0},"end":{"line":5,"column":3}},"1":{"start":{"line":7,"column":13},"end":{"line":7,"column":29}},"2":{"start":{"line":9,"column":14},"end":{"line":9,"column":44}},"3":{"start":{"line":11,"column":22},"end":{"line":11,"column":48}},"4":{"start":{"line":13,"column":13},"end":{"line":13,"column":38}},"5":{"start":{"line":15,"column":39},"end":{"line":15,"column":93}},"6":{"start":{"line":17,"column":0},"end":{"line":32,"column":2}},"7":{"start":{"line":18,"column":22},"end":{"line":18,"column":32}},"8":{"start":{"line":19,"column":21},"end":{"line":19,"column":30}},"9":{"start":{"line":20,"column":26},"end":{"line":20,"column":39}},"10":{"start":{"line":21,"column":22},"end":{"line":21,"column":32}},"11":{"start":{"line":22,"column":28},"end":{"line":22,"column":45}},"12":{"start":{"line":24,"column":10},"end":{"line":31,"column":13}},"13":{"start":{"line":29,"column":30},"end":{"line":29,"column":69}}},"fnMap":{"0":{"name":"_interopRequireDefault","decl":{"start":{"line":15,"column":9},"end":{"line":15,"column":31}},"loc":{"start":{"line":15,"column":37},"end":{"line":15,"column":95}},"line":15},"1":{"name":"(anonymous_1)","decl":{"start":{"line":17,"column":18},"end":{"line":17,"column":19}},"loc":{"start":{"line":17,"column":34},"end":{"line":32,"column":1}},"line":17},"2":{"name":"onChange","decl":{"start":{"line":28,"column":39},"end":{"line":28,"column":47}},"loc":{"start":{"line":28,"column":51},"end":{"line":30,"column":21}},"line":28}},"branchMap":{"0":{"loc":{"start":{"line":15,"column":46},"end":{"line":15,"column":92}},"type":"cond-expr","locations":[{"start":{"line":15,"column":70},"end":{"line":15,"column":73}},{"start":{"line":15,"column":76},"end":{"line":15,"column":92}}],"line":15},"1":{"loc":{"start":{"line":15,"column":46},"end":{"line":15,"column":67}},"type":"binary-expr","locations":[{"start":{"line":15,"column":46},"end":{"line":15,"column":49}},{"start":{"line":15,"column":53},"end":{"line":15,"column":67}}],"line":15}},"s":{"0":1,"1":1,"2":1,"3":1,"4":1,"5":1,"6":1,"7":0,"8":0,"9":0,"10":0,"11":0,"12":0,"13":0},"f":{"0":1,"1":0,"2":0},"b":{"0":[0,1],"1":[1,1]},"_coverageSchema":"332fd63041d2c1bcb487cc26dd0d5f7d97098a6c","hash":"12c5bae0ac6b141ac8ebee0ea09c725e686136f2","contentHash":"0e8903109b352cb1309e3ea465f05b08_10.2.0"},"/home/rob/cl-react-ui/src/libs/react-bootstrap/fields/Lookup.js":{"path":"/home/rob/cl-react-ui/src/libs/react-bootstrap/fields/Lookup.js","statementMap":{"0":{"start":{"line":3,"column":0},"end":{"line":5,"column":3}},"1":{"start":{"line":7,"column":19},"end":{"line":7,"column":563}},"2":{"start":{"line":7,"column":76},"end":{"line":7,"column":347}},"3":{"start":{"line":7,"column":134},"end":{"line":7,"column":142}},"4":{"start":{"line":7,"column":144},"end":{"line":7,"column":199}},"5":{"start":{"line":7,"column":200},"end":{"line":7,"column":231}},"6":{"start":{"line":7,"column":232},"end":{"line":7,"column":286}},"7":{"start":{"line":7,"column":259},"end":{"line":7,"column":286}},"8":{"start":{"line":7,"column":287},"end":{"line":7,"column":345}},"9":{"start":{"line":7,"column":350},"end":{"line":7,"column":559}},"10":{"start":{"line":7,"column":407},"end":{"line":7,"column":475}},"11":{"start":{"line":7,"column":423},"end":{"line":7,"column":475}},"12":{"start":{"line":7,"column":476},"end":{"line":7,"column":536}},"13":{"start":{"line":7,"column":493},"end":{"line":7,"column":536}},"14":{"start":{"line":7,"column":537},"end":{"line":7,"column":556}},"15":{"start":{"line":9,"column":13},"end":{"line":9,"column":29}},"16":{"start":{"line":11,"column":14},"end":{"line":11,"column":44}},"17":{"start":{"line":13,"column":22},"end":{"line":13,"column":48}},"18":{"start":{"line":15,"column":13},"end":{"line":15,"column":38}},"19":{"start":{"line":17,"column":39},"end":{"line":17,"column":93}},"20":{"start":{"line":19,"column":50},"end":{"line":19,"column":151}},"21":{"start":{"line":19,"column":92},"end":{"line":19,"column":149}},"22":{"start":{"line":21,"column":50},"end":{"line":21,"column":151}},"23":{"start":{"line":21,"column":63},"end":{"line":21,"column":149}},"24":{"start":{"line":21,"column":152},"end":{"line":21,"column":238}},"25":{"start":{"line":23,"column":43},"end":{"line":23,"column":208}},"26":{"start":{"line":23,"column":106},"end":{"line":23,"column":206}},"27":{"start":{"line":23,"column":209},"end":{"line":23,"column":373}},"28":{"start":{"line":23,"column":374},"end":{"line":23,"column":492}},"29":{"start":{"line":23,"column":390},"end":{"line":23,"column":492}},"30":{"start":{"line":25,"column":13},"end":{"line":174,"column":19}},"31":{"start":{"line":26,"column":2},"end":{"line":26,"column":32}},"32":{"start":{"line":29,"column":4},"end":{"line":29,"column":34}},"33":{"start":{"line":31,"column":16},"end":{"line":31,"column":119}},"34":{"start":{"line":33,"column":20},"end":{"line":33,"column":40}},"35":{"start":{"line":35,"column":4},"end":{"line":35,"column":66}},"36":{"start":{"line":36,"column":4},"end":{"line":36,"column":17}},"37":{"start":{"line":45,"column":2},"end":{"line":171,"column":6}},"38":{"start":{"line":48,"column":19},"end":{"line":48,"column":23}},"39":{"start":{"line":50,"column":18},"end":{"line":50,"column":24}},"40":{"start":{"line":51,"column":6},"end":{"line":51,"column":28}},"41":{"start":{"line":53,"column":19},"end":{"line":53,"column":29}},"42":{"start":{"line":54,"column":18},"end":{"line":54,"column":30}},"43":{"start":{"line":55,"column":16},"end":{"line":55,"column":26}},"44":{"start":{"line":56,"column":22},"end":{"line":56,"column":46}},"45":{"start":{"line":59,"column":6},"end":{"line":63,"column":7}},"46":{"start":{"line":60,"column":8},"end":{"line":60,"column":19}},"47":{"start":{"line":62,"column":8},"end":{"line":62,"column":39}},"48":{"start":{"line":64,"column":6},"end":{"line":70,"column":9}},"49":{"start":{"line":65,"column":24},"end":{"line":65,"column":35}},"50":{"start":{"line":66,"column":8},"end":{"line":68,"column":9}},"51":{"start":{"line":67,"column":10},"end":{"line":67,"column":45}},"52":{"start":{"line":69,"column":8},"end":{"line":69,"column":49}},"53":{"start":{"line":71,"column":6},"end":{"line":71,"column":30}},"54":{"start":{"line":83,"column":18},"end":{"line":83,"column":34}},"55":{"start":{"line":85,"column":16},"end":{"line":85,"column":33}},"56":{"start":{"line":86,"column":18},"end":{"line":86,"column":37}},"57":{"start":{"line":87,"column":25},"end":{"line":87,"column":31}},"58":{"start":{"line":88,"column":15},"end":{"line":90,"column":7}},"59":{"start":{"line":89,"column":8},"end":{"line":89,"column":20}},"60":{"start":{"line":91,"column":20},"end":{"line":95,"column":8}},"61":{"start":{"line":97,"column":6},"end":{"line":101,"column":7}},"62":{"start":{"line":98,"column":8},"end":{"line":98,"column":26}},"63":{"start":{"line":100,"column":8},"end":{"line":100,"column":50}},"64":{"start":{"line":103,"column":6},"end":{"line":125,"column":9}},"65":{"start":{"line":104,"column":19},"end":{"line":113,"column":10}},"66":{"start":{"line":105,"column":10},"end":{"line":105,"column":38}},"67":{"start":{"line":107,"column":20},"end":{"line":107,"column":40}},"68":{"start":{"line":108,"column":10},"end":{"line":112,"column":12}},"69":{"start":{"line":115,"column":8},"end":{"line":124,"column":9}},"70":{"start":{"line":116,"column":10},"end":{"line":116,"column":29}},"71":{"start":{"line":118,"column":10},"end":{"line":123,"column":13}},"72":{"start":{"line":127,"column":6},"end":{"line":127,"column":21}},"73":{"start":{"line":138,"column":20},"end":{"line":138,"column":30}},"74":{"start":{"line":139,"column":21},"end":{"line":139,"column":37}},"75":{"start":{"line":140,"column":17},"end":{"line":140,"column":29}},"76":{"start":{"line":142,"column":6},"end":{"line":142,"column":40}},"77":{"start":{"line":143,"column":6},"end":{"line":143,"column":37}},"78":{"start":{"line":154,"column":19},"end":{"line":154,"column":23}},"79":{"start":{"line":156,"column":22},"end":{"line":156,"column":41}},"80":{"start":{"line":157,"column":17},"end":{"line":157,"column":46}},"81":{"start":{"line":158,"column":18},"end":{"line":158,"column":34}},"82":{"start":{"line":161,"column":6},"end":{"line":169,"column":8}},"83":{"start":{"line":166,"column":12},"end":{"line":166,"column":35}},"84":{"start":{"line":173,"column":2},"end":{"line":173,"column":16}},"85":{"start":{"line":176,"column":0},"end":{"line":176,"column":25}}},"fnMap":{"0":{"name":"(anonymous_0)","decl":{"start":{"line":7,"column":19},"end":{"line":7,"column":20}},"loc":{"start":{"line":7,"column":31},"end":{"line":7,"column":561}},"line":7},"1":{"name":"defineProperties","decl":{"start":{"line":7,"column":42},"end":{"line":7,"column":58}},"loc":{"start":{"line":7,"column":74},"end":{"line":7,"column":349}},"line":7},"2":{"name":"(anonymous_2)","decl":{"start":{"line":7,"column":357},"end":{"line":7,"column":358}},"loc":{"start":{"line":7,"column":405},"end":{"line":7,"column":558}},"line":7},"3":{"name":"_interopRequireDefault","decl":{"start":{"line":17,"column":9},"end":{"line":17,"column":31}},"loc":{"start":{"line":17,"column":37},"end":{"line":17,"column":95}},"line":17},"4":{"name":"_classCallCheck","decl":{"start":{"line":19,"column":9},"end":{"line":19,"column":24}},"loc":{"start":{"line":19,"column":48},"end":{"line":19,"column":153}},"line":19},"5":{"name":"_possibleConstructorReturn","decl":{"start":{"line":21,"column":9},"end":{"line":21,"column":35}},"loc":{"start":{"line":21,"column":48},"end":{"line":21,"column":240}},"line":21},"6":{"name":"_inherits","decl":{"start":{"line":23,"column":9},"end":{"line":23,"column":18}},"loc":{"start":{"line":23,"column":41},"end":{"line":23,"column":494}},"line":23},"7":{"name":"(anonymous_7)","decl":{"start":{"line":25,"column":13},"end":{"line":25,"column":14}},"loc":{"start":{"line":25,"column":35},"end":{"line":174,"column":1}},"line":25},"8":{"name":"Lookup","decl":{"start":{"line":28,"column":11},"end":{"line":28,"column":17}},"loc":{"start":{"line":28,"column":25},"end":{"line":37,"column":3}},"line":28},"9":{"name":"getStoreData","decl":{"start":{"line":47,"column":20},"end":{"line":47,"column":32}},"loc":{"start":{"line":47,"column":35},"end":{"line":72,"column":5}},"line":47},"10":{"name":"(anonymous_10)","decl":{"start":{"line":64,"column":24},"end":{"line":64,"column":25}},"loc":{"start":{"line":64,"column":40},"end":{"line":70,"column":7}},"line":64},"11":{"name":"mapDataToOpts","decl":{"start":{"line":82,"column":20},"end":{"line":82,"column":33}},"loc":{"start":{"line":82,"column":45},"end":{"line":128,"column":5}},"line":82},"12":{"name":"ok","decl":{"start":{"line":88,"column":24},"end":{"line":88,"column":26}},"loc":{"start":{"line":88,"column":32},"end":{"line":90,"column":7}},"line":88},"13":{"name":"(anonymous_13)","decl":{"start":{"line":103,"column":37},"end":{"line":103,"column":38}},"loc":{"start":{"line":103,"column":57},"end":{"line":125,"column":7}},"line":103},"14":{"name":"(anonymous_14)","decl":{"start":{"line":104,"column":46},"end":{"line":104,"column":47}},"loc":{"start":{"line":104,"column":64},"end":{"line":106,"column":9}},"line":104},"15":{"name":"(anonymous_15)","decl":{"start":{"line":106,"column":15},"end":{"line":106,"column":16}},"loc":{"start":{"line":106,"column":36},"end":{"line":113,"column":9}},"line":106},"16":{"name":"handleChange","decl":{"start":{"line":137,"column":20},"end":{"line":137,"column":32}},"loc":{"start":{"line":137,"column":36},"end":{"line":144,"column":5}},"line":137},"17":{"name":"render","decl":{"start":{"line":153,"column":20},"end":{"line":153,"column":26}},"loc":{"start":{"line":153,"column":29},"end":{"line":170,"column":5}},"line":153},"18":{"name":"onChange","decl":{"start":{"line":165,"column":29},"end":{"line":165,"column":37}},"loc":{"start":{"line":165,"column":41},"end":{"line":167,"column":11}},"line":165}},"branchMap":{"0":{"loc":{"start":{"line":7,"column":168},"end":{"line":7,"column":198}},"type":"binary-expr","locations":[{"start":{"line":7,"column":168},"end":{"line":7,"column":189}},{"start":{"line":7,"column":193},"end":{"line":7,"column":198}}],"line":7},"1":{"loc":{"start":{"line":7,"column":232},"end":{"line":7,"column":286}},"type":"if","locations":[{"start":{"line":7,"column":232},"end":{"line":7,"column":286}},{"start":{"line":7,"column":232},"end":{"line":7,"column":286}}],"line":7},"2":{"loc":{"start":{"line":7,"column":407},"end":{"line":7,"column":475}},"type":"if","locations":[{"start":{"line":7,"column":407},"end":{"line":7,"column":475}},{"start":{"line":7,"column":407},"end":{"line":7,"column":475}}],"line":7},"3":{"loc":{"start":{"line":7,"column":476},"end":{"line":7,"column":536}},"type":"if","locations":[{"start":{"line":7,"column":476},"end":{"line":7,"column":536}},{"start":{"line":7,"column":476},"end":{"line":7,"column":536}}],"line":7},"4":{"loc":{"start":{"line":17,"column":46},"end":{"line":17,"column":92}},"type":"cond-expr","locations":[{"start":{"line":17,"column":70},"end":{"line":17,"column":73}},{"start":{"line":17,"column":76},"end":{"line":17,"column":92}}],"line":17},"5":{"loc":{"start":{"line":17,"column":46},"end":{"line":17,"column":67}},"type":"binary-expr","locations":[{"start":{"line":17,"column":46},"end":{"line":17,"column":49}},{"start":{"line":17,"column":53},"end":{"line":17,"column":67}}],"line":17},"6":{"loc":{"start":{"line":19,"column":50},"end":{"line":19,"column":151}},"type":"if","locations":[{"start":{"line":19,"column":50},"end":{"line":19,"column":151}},{"start":{"line":19,"column":50},"end":{"line":19,"column":151}}],"line":19},"7":{"loc":{"start":{"line":21,"column":50},"end":{"line":21,"column":151}},"type":"if","locations":[{"start":{"line":21,"column":50},"end":{"line":21,"column":151}},{"start":{"line":21,"column":50},"end":{"line":21,"column":151}}],"line":21},"8":{"loc":{"start":{"line":21,"column":159},"end":{"line":21,"column":237}},"type":"cond-expr","locations":[{"start":{"line":21,"column":226},"end":{"line":21,"column":230}},{"start":{"line":21,"column":233},"end":{"line":21,"column":237}}],"line":21},"9":{"loc":{"start":{"line":21,"column":159},"end":{"line":21,"column":223}},"type":"binary-expr","locations":[{"start":{"line":21,"column":159},"end":{"line":21,"column":163}},{"start":{"line":21,"column":168},"end":{"line":21,"column":192}},{"start":{"line":21,"column":196},"end":{"line":21,"column":222}}],"line":21},"10":{"loc":{"start":{"line":23,"column":43},"end":{"line":23,"column":208}},"type":"if","locations":[{"start":{"line":23,"column":43},"end":{"line":23,"column":208}},{"start":{"line":23,"column":43},"end":{"line":23,"column":208}}],"line":23},"11":{"loc":{"start":{"line":23,"column":47},"end":{"line":23,"column":102}},"type":"binary-expr","locations":[{"start":{"line":23,"column":47},"end":{"line":23,"column":79}},{"start":{"line":23,"column":83},"end":{"line":23,"column":102}}],"line":23},"12":{"loc":{"start":{"line":23,"column":244},"end":{"line":23,"column":278}},"type":"binary-expr","locations":[{"start":{"line":23,"column":244},"end":{"line":23,"column":254}},{"start":{"line":23,"column":258},"end":{"line":23,"column":278}}],"line":23},"13":{"loc":{"start":{"line":23,"column":374},"end":{"line":23,"column":492}},"type":"if","locations":[{"start":{"line":23,"column":374},"end":{"line":23,"column":492}},{"start":{"line":23,"column":374},"end":{"line":23,"column":492}}],"line":23},"14":{"loc":{"start":{"line":23,"column":390},"end":{"line":23,"column":491}},"type":"cond-expr","locations":[{"start":{"line":23,"column":414},"end":{"line":23,"column":457}},{"start":{"line":23,"column":460},"end":{"line":23,"column":491}}],"line":23},"15":{"loc":{"start":{"line":31,"column":50},"end":{"line":31,"column":99}},"type":"binary-expr","locations":[{"start":{"line":31,"column":50},"end":{"line":31,"column":66}},{"start":{"line":31,"column":70},"end":{"line":31,"column":99}}],"line":31},"16":{"loc":{"start":{"line":59,"column":6},"end":{"line":63,"column":7}},"type":"if","locations":[{"start":{"line":59,"column":6},"end":{"line":63,"column":7}},{"start":{"line":59,"column":6},"end":{"line":63,"column":7}}],"line":59},"17":{"loc":{"start":{"line":66,"column":8},"end":{"line":68,"column":9}},"type":"if","locations":[{"start":{"line":66,"column":8},"end":{"line":68,"column":9}},{"start":{"line":66,"column":8},"end":{"line":68,"column":9}}],"line":66},"18":{"loc":{"start":{"line":97,"column":6},"end":{"line":101,"column":7}},"type":"if","locations":[{"start":{"line":97,"column":6},"end":{"line":101,"column":7}},{"start":{"line":97,"column":6},"end":{"line":101,"column":7}}],"line":97},"19":{"loc":{"start":{"line":115,"column":8},"end":{"line":124,"column":9}},"type":"if","locations":[{"start":{"line":115,"column":8},"end":{"line":124,"column":9}},{"start":{"line":115,"column":8},"end":{"line":124,"column":9}}],"line":115}},"s":{"0":1,"1":1,"2":1,"3":4,"4":4,"5":4,"6":4,"7":4,"8":4,"9":1,"10":1,"11":1,"12":1,"13":0,"14":1,"15":1,"16":1,"17":1,"18":1,"19":1,"20":5,"21":0,"22":5,"23":0,"24":5,"25":1,"26":0,"27":1,"28":1,"29":1,"30":1,"31":1,"32":5,"33":5,"34":5,"35":5,"36":5,"37":1,"38":10,"39":10,"40":10,"41":10,"42":10,"43":10,"44":10,"45":10,"46":2,"47":8,"48":10,"49":28,"50":28,"51":18,"52":28,"53":10,"54":5,"55":5,"56":5,"57":5,"58":5,"59":5,"60":5,"61":5,"62":2,"63":3,"64":5,"65":9,"66":14,"67":8,"68":8,"69":9,"70":1,"71":8,"72":5,"73":1,"74":1,"75":1,"76":1,"77":0,"78":5,"79":5,"80":5,"81":5,"82":5,"83":1,"84":1,"85":1},"f":{"0":1,"1":1,"2":1,"3":1,"4":5,"5":5,"6":1,"7":1,"8":5,"9":10,"10":28,"11":5,"12":5,"13":9,"14":14,"15":8,"16":1,"17":5,"18":1},"b":{"0":[4,4],"1":[4,0],"2":[1,0],"3":[0,1],"4":[0,1],"5":[1,1],"6":[0,5],"7":[0,5],"8":[0,5],"9":[5,0,0],"10":[0,1],"11":[1,0],"12":[1,1],"13":[1,0],"14":[1,0],"15":[5,0],"16":[2,8],"17":[18,10],"18":[2,3],"19":[1,8]},"_coverageSchema":"332fd63041d2c1bcb487cc26dd0d5f7d97098a6c","hash":"47d753a842845793e5df1367396b377c04d8b8a3","contentHash":"bbc1339c7907cd30d69efc5e5da36c4a_10.2.0"},"/home/rob/cl-react-ui/src/libs/react-bootstrap/fields/Password.js":{"path":"/home/rob/cl-react-ui/src/libs/react-bootstrap/fields/Password.js","statementMap":{"0":{"start":{"line":3,"column":0},"end":{"line":5,"column":3}},"1":{"start":{"line":7,"column":13},"end":{"line":7,"column":29}},"2":{"start":{"line":9,"column":14},"end":{"line":9,"column":44}},"3":{"start":{"line":11,"column":22},"end":{"line":11,"column":48}},"4":{"start":{"line":13,"column":13},"end":{"line":13,"column":38}},"5":{"start":{"line":15,"column":39},"end":{"line":15,"column":93}},"6":{"start":{"line":17,"column":0},"end":{"line":36,"column":2}},"7":{"start":{"line":18,"column":22},"end":{"line":18,"column":32}},"8":{"start":{"line":19,"column":21},"end":{"line":19,"column":30}},"9":{"start":{"line":20,"column":26},"end":{"line":20,"column":39}},"10":{"start":{"line":21,"column":24},"end":{"line":21,"column":35}},"11":{"start":{"line":22,"column":22},"end":{"line":22,"column":32}},"12":{"start":{"line":23,"column":28},"end":{"line":23,"column":45}},"13":{"start":{"line":25,"column":10},"end":{"line":35,"column":13}},"14":{"start":{"line":30,"column":30},"end":{"line":30,"column":51}},"15":{"start":{"line":33,"column":30},"end":{"line":33,"column":69}}},"fnMap":{"0":{"name":"_interopRequireDefault","decl":{"start":{"line":15,"column":9},"end":{"line":15,"column":31}},"loc":{"start":{"line":15,"column":37},"end":{"line":15,"column":95}},"line":15},"1":{"name":"(anonymous_1)","decl":{"start":{"line":17,"column":18},"end":{"line":17,"column":19}},"loc":{"start":{"line":17,"column":34},"end":{"line":36,"column":1}},"line":17},"2":{"name":"onBlur","decl":{"start":{"line":29,"column":37},"end":{"line":29,"column":43}},"loc":{"start":{"line":29,"column":46},"end":{"line":31,"column":21}},"line":29},"3":{"name":"onChange","decl":{"start":{"line":32,"column":39},"end":{"line":32,"column":47}},"loc":{"start":{"line":32,"column":51},"end":{"line":34,"column":21}},"line":32}},"branchMap":{"0":{"loc":{"start":{"line":15,"column":46},"end":{"line":15,"column":92}},"type":"cond-expr","locations":[{"start":{"line":15,"column":70},"end":{"line":15,"column":73}},{"start":{"line":15,"column":76},"end":{"line":15,"column":92}}],"line":15},"1":{"loc":{"start":{"line":15,"column":46},"end":{"line":15,"column":67}},"type":"binary-expr","locations":[{"start":{"line":15,"column":46},"end":{"line":15,"column":49}},{"start":{"line":15,"column":53},"end":{"line":15,"column":67}}],"line":15}},"s":{"0":1,"1":1,"2":1,"3":1,"4":1,"5":1,"6":1,"7":0,"8":0,"9":0,"10":0,"11":0,"12":0,"13":0,"14":0,"15":0},"f":{"0":1,"1":0,"2":0,"3":0},"b":{"0":[0,1],"1":[1,1]},"_coverageSchema":"332fd63041d2c1bcb487cc26dd0d5f7d97098a6c","hash":"65914236f8f30765aacbb03913e9157821760084","contentHash":"669677e6a689d9f06bde2840346ed6a6_10.2.0"},"/home/rob/cl-react-ui/src/libs/react-bootstrap/fields/Radiolist.js":{"path":"/home/rob/cl-react-ui/src/libs/react-bootstrap/fields/Radiolist.js","statementMap":{"0":{"start":{"line":3,"column":0},"end":{"line":5,"column":3}},"1":{"start":{"line":7,"column":13},"end":{"line":7,"column":29}},"2":{"start":{"line":9,"column":14},"end":{"line":9,"column":44}},"3":{"start":{"line":11,"column":22},"end":{"line":11,"column":48}},"4":{"start":{"line":13,"column":13},"end":{"line":13,"column":38}},"5":{"start":{"line":15,"column":39},"end":{"line":15,"column":93}},"6":{"start":{"line":17,"column":0},"end":{"line":43,"column":2}},"7":{"start":{"line":18,"column":22},"end":{"line":18,"column":32}},"8":{"start":{"line":19,"column":21},"end":{"line":19,"column":30}},"9":{"start":{"line":20,"column":25},"end":{"line":20,"column":38}},"10":{"start":{"line":21,"column":22},"end":{"line":21,"column":32}},"11":{"start":{"line":23,"column":21},"end":{"line":36,"column":12}},"12":{"start":{"line":24,"column":33},"end":{"line":24,"column":55}},"13":{"start":{"line":25,"column":20},"end":{"line":35,"column":22}},"14":{"start":{"line":32,"column":50},"end":{"line":32,"column":88}},"15":{"start":{"line":38,"column":10},"end":{"line":42,"column":12}}},"fnMap":{"0":{"name":"_interopRequireDefault","decl":{"start":{"line":15,"column":9},"end":{"line":15,"column":31}},"loc":{"start":{"line":15,"column":37},"end":{"line":15,"column":95}},"line":15},"1":{"name":"(anonymous_1)","decl":{"start":{"line":17,"column":18},"end":{"line":17,"column":19}},"loc":{"start":{"line":17,"column":34},"end":{"line":43,"column":1}},"line":17},"2":{"name":"(anonymous_2)","decl":{"start":{"line":23,"column":39},"end":{"line":23,"column":40}},"loc":{"start":{"line":23,"column":60},"end":{"line":36,"column":11}},"line":23},"3":{"name":"onClick","decl":{"start":{"line":31,"column":58},"end":{"line":31,"column":65}},"loc":{"start":{"line":31,"column":69},"end":{"line":33,"column":41}},"line":31}},"branchMap":{"0":{"loc":{"start":{"line":15,"column":46},"end":{"line":15,"column":92}},"type":"cond-expr","locations":[{"start":{"line":15,"column":70},"end":{"line":15,"column":73}},{"start":{"line":15,"column":76},"end":{"line":15,"column":92}}],"line":15},"1":{"loc":{"start":{"line":15,"column":46},"end":{"line":15,"column":67}},"type":"binary-expr","locations":[{"start":{"line":15,"column":46},"end":{"line":15,"column":49}},{"start":{"line":15,"column":53},"end":{"line":15,"column":67}}],"line":15}},"s":{"0":1,"1":1,"2":1,"3":1,"4":1,"5":1,"6":1,"7":3,"8":3,"9":3,"10":3,"11":3,"12":6,"13":6,"14":1,"15":3},"f":{"0":1,"1":3,"2":6,"3":1},"b":{"0":[0,1],"1":[1,1]},"_coverageSchema":"332fd63041d2c1bcb487cc26dd0d5f7d97098a6c","hash":"2fc126f3ca8888b66623b0fb8eabd95f02752644","contentHash":"208fa994c0758c71dece55e531cec481_10.2.0"},"/home/rob/cl-react-ui/src/libs/react-bootstrap/fields/Select.js":{"path":"/home/rob/cl-react-ui/src/libs/react-bootstrap/fields/Select.js","statementMap":{"0":{"start":{"line":3,"column":0},"end":{"line":5,"column":3}},"1":{"start":{"line":7,"column":13},"end":{"line":7,"column":29}},"2":{"start":{"line":9,"column":14},"end":{"line":9,"column":44}},"3":{"start":{"line":11,"column":22},"end":{"line":11,"column":48}},"4":{"start":{"line":13,"column":13},"end":{"line":13,"column":38}},"5":{"start":{"line":15,"column":39},"end":{"line":15,"column":93}},"6":{"start":{"line":17,"column":0},"end":{"line":54,"column":2}},"7":{"start":{"line":18,"column":14},"end":{"line":18,"column":24}},"8":{"start":{"line":19,"column":13},"end":{"line":19,"column":22}},"9":{"start":{"line":20,"column":18},"end":{"line":20,"column":31}},"10":{"start":{"line":21,"column":14},"end":{"line":21,"column":24}},"11":{"start":{"line":22,"column":16},"end":{"line":22,"column":29}},"12":{"start":{"line":24,"column":13},"end":{"line":24,"column":19}},"13":{"start":{"line":25,"column":2},"end":{"line":42,"column":3}},"14":{"start":{"line":26,"column":4},"end":{"line":32,"column":7}},"15":{"start":{"line":27,"column":6},"end":{"line":31,"column":8}},"16":{"start":{"line":35,"column":4},"end":{"line":41,"column":7}},"17":{"start":{"line":36,"column":6},"end":{"line":40,"column":8}},"18":{"start":{"line":44,"column":2},"end":{"line":53,"column":4}},"19":{"start":{"line":50,"column":8},"end":{"line":50,"column":47}}},"fnMap":{"0":{"name":"_interopRequireDefault","decl":{"start":{"line":15,"column":9},"end":{"line":15,"column":31}},"loc":{"start":{"line":15,"column":37},"end":{"line":15,"column":95}},"line":15},"1":{"name":"(anonymous_1)","decl":{"start":{"line":17,"column":18},"end":{"line":17,"column":19}},"loc":{"start":{"line":17,"column":34},"end":{"line":54,"column":1}},"line":17},"2":{"name":"(anonymous_2)","decl":{"start":{"line":26,"column":23},"end":{"line":26,"column":24}},"loc":{"start":{"line":26,"column":44},"end":{"line":32,"column":5}},"line":26},"3":{"name":"(anonymous_3)","decl":{"start":{"line":35,"column":36},"end":{"line":35,"column":37}},"loc":{"start":{"line":35,"column":51},"end":{"line":41,"column":5}},"line":35},"4":{"name":"onChange","decl":{"start":{"line":49,"column":25},"end":{"line":49,"column":33}},"loc":{"start":{"line":49,"column":37},"end":{"line":51,"column":7}},"line":49}},"branchMap":{"0":{"loc":{"start":{"line":15,"column":46},"end":{"line":15,"column":92}},"type":"cond-expr","locations":[{"start":{"line":15,"column":70},"end":{"line":15,"column":73}},{"start":{"line":15,"column":76},"end":{"line":15,"column":92}}],"line":15},"1":{"loc":{"start":{"line":15,"column":46},"end":{"line":15,"column":67}},"type":"binary-expr","locations":[{"start":{"line":15,"column":46},"end":{"line":15,"column":49}},{"start":{"line":15,"column":53},"end":{"line":15,"column":67}}],"line":15},"2":{"loc":{"start":{"line":25,"column":2},"end":{"line":42,"column":3}},"type":"if","locations":[{"start":{"line":25,"column":2},"end":{"line":42,"column":3}},{"start":{"line":25,"column":2},"end":{"line":42,"column":3}}],"line":25}},"s":{"0":1,"1":1,"2":1,"3":1,"4":1,"5":1,"6":1,"7":3,"8":3,"9":3,"10":3,"11":3,"12":3,"13":3,"14":3,"15":6,"16":0,"17":0,"18":3,"19":1},"f":{"0":1,"1":3,"2":6,"3":0,"4":1},"b":{"0":[0,1],"1":[1,1],"2":[3,0]},"_coverageSchema":"332fd63041d2c1bcb487cc26dd0d5f7d97098a6c","hash":"abea479df004a05428a1a7c3d28722ce43f19cfe","contentHash":"9b50d5c73d8626af738315671e547fff_10.2.0"},"/home/rob/cl-react-ui/src/libs/react-bootstrap/fields/Text.js":{"path":"/home/rob/cl-react-ui/src/libs/react-bootstrap/fields/Text.js","statementMap":{"0":{"start":{"line":3,"column":0},"end":{"line":5,"column":3}},"1":{"start":{"line":7,"column":13},"end":{"line":7,"column":29}},"2":{"start":{"line":9,"column":14},"end":{"line":9,"column":44}},"3":{"start":{"line":11,"column":22},"end":{"line":11,"column":48}},"4":{"start":{"line":13,"column":13},"end":{"line":13,"column":38}},"5":{"start":{"line":15,"column":39},"end":{"line":15,"column":93}},"6":{"start":{"line":17,"column":0},"end":{"line":36,"column":2}},"7":{"start":{"line":18,"column":22},"end":{"line":18,"column":32}},"8":{"start":{"line":19,"column":21},"end":{"line":19,"column":30}},"9":{"start":{"line":20,"column":26},"end":{"line":20,"column":39}},"10":{"start":{"line":21,"column":24},"end":{"line":21,"column":35}},"11":{"start":{"line":22,"column":22},"end":{"line":22,"column":32}},"12":{"start":{"line":23,"column":28},"end":{"line":23,"column":45}},"13":{"start":{"line":25,"column":10},"end":{"line":35,"column":13}},"14":{"start":{"line":30,"column":30},"end":{"line":30,"column":51}},"15":{"start":{"line":33,"column":30},"end":{"line":33,"column":69}}},"fnMap":{"0":{"name":"_interopRequireDefault","decl":{"start":{"line":15,"column":9},"end":{"line":15,"column":31}},"loc":{"start":{"line":15,"column":37},"end":{"line":15,"column":95}},"line":15},"1":{"name":"(anonymous_1)","decl":{"start":{"line":17,"column":18},"end":{"line":17,"column":19}},"loc":{"start":{"line":17,"column":34},"end":{"line":36,"column":1}},"line":17},"2":{"name":"onBlur","decl":{"start":{"line":29,"column":37},"end":{"line":29,"column":43}},"loc":{"start":{"line":29,"column":46},"end":{"line":31,"column":21}},"line":29},"3":{"name":"onChange","decl":{"start":{"line":32,"column":39},"end":{"line":32,"column":47}},"loc":{"start":{"line":32,"column":51},"end":{"line":34,"column":21}},"line":32}},"branchMap":{"0":{"loc":{"start":{"line":15,"column":46},"end":{"line":15,"column":92}},"type":"cond-expr","locations":[{"start":{"line":15,"column":70},"end":{"line":15,"column":73}},{"start":{"line":15,"column":76},"end":{"line":15,"column":92}}],"line":15},"1":{"loc":{"start":{"line":15,"column":46},"end":{"line":15,"column":67}},"type":"binary-expr","locations":[{"start":{"line":15,"column":46},"end":{"line":15,"column":49}},{"start":{"line":15,"column":53},"end":{"line":15,"column":67}}],"line":15}},"s":{"0":1,"1":1,"2":1,"3":1,"4":1,"5":1,"6":1,"7":0,"8":0,"9":0,"10":0,"11":0,"12":0,"13":0,"14":0,"15":0},"f":{"0":1,"1":0,"2":0,"3":0},"b":{"0":[0,1],"1":[1,1]},"_coverageSchema":"332fd63041d2c1bcb487cc26dd0d5f7d97098a6c","hash":"8a6f3a2bfa33ad2912c0d24417a9cfc60591c23c","contentHash":"81eec85cde2537f4acbe85d5cee1c660_10.2.0"},"/home/rob/cl-react-ui/src/libs/react-bootstrap/fields/Textarea.js":{"path":"/home/rob/cl-react-ui/src/libs/react-bootstrap/fields/Textarea.js","statementMap":{"0":{"start":{"line":3,"column":0},"end":{"line":5,"column":3}},"1":{"start":{"line":7,"column":13},"end":{"line":7,"column":29}},"2":{"start":{"line":9,"column":14},"end":{"line":9,"column":44}},"3":{"start":{"line":11,"column":22},"end":{"line":11,"column":48}},"4":{"start":{"line":13,"column":13},"end":{"line":13,"column":38}},"5":{"start":{"line":15,"column":39},"end":{"line":15,"column":93}},"6":{"start":{"line":17,"column":0},"end":{"line":32,"column":2}},"7":{"start":{"line":18,"column":22},"end":{"line":18,"column":32}},"8":{"start":{"line":19,"column":21},"end":{"line":19,"column":30}},"9":{"start":{"line":20,"column":26},"end":{"line":20,"column":39}},"10":{"start":{"line":21,"column":22},"end":{"line":21,"column":32}},"11":{"start":{"line":22,"column":28},"end":{"line":22,"column":45}},"12":{"start":{"line":24,"column":10},"end":{"line":31,"column":13}},"13":{"start":{"line":29,"column":30},"end":{"line":29,"column":69}}},"fnMap":{"0":{"name":"_interopRequireDefault","decl":{"start":{"line":15,"column":9},"end":{"line":15,"column":31}},"loc":{"start":{"line":15,"column":37},"end":{"line":15,"column":95}},"line":15},"1":{"name":"(anonymous_1)","decl":{"start":{"line":17,"column":18},"end":{"line":17,"column":19}},"loc":{"start":{"line":17,"column":34},"end":{"line":32,"column":1}},"line":17},"2":{"name":"onChange","decl":{"start":{"line":28,"column":39},"end":{"line":28,"column":47}},"loc":{"start":{"line":28,"column":51},"end":{"line":30,"column":21}},"line":28}},"branchMap":{"0":{"loc":{"start":{"line":15,"column":46},"end":{"line":15,"column":92}},"type":"cond-expr","locations":[{"start":{"line":15,"column":70},"end":{"line":15,"column":73}},{"start":{"line":15,"column":76},"end":{"line":15,"column":92}}],"line":15},"1":{"loc":{"start":{"line":15,"column":46},"end":{"line":15,"column":67}},"type":"binary-expr","locations":[{"start":{"line":15,"column":46},"end":{"line":15,"column":49}},{"start":{"line":15,"column":53},"end":{"line":15,"column":67}}],"line":15}},"s":{"0":1,"1":1,"2":1,"3":1,"4":1,"5":1,"6":1,"7":0,"8":0,"9":0,"10":0,"11":0,"12":0,"13":0},"f":{"0":1,"1":0,"2":0},"b":{"0":[0,1],"1":[1,1]},"_coverageSchema":"332fd63041d2c1bcb487cc26dd0d5f7d97098a6c","hash":"e840fb530e966cf246c5e30a12ae61cf5add9237","contentHash":"fc92f2f291aa635c950d600d8292ddf4_10.2.0"},"/home/rob/cl-react-ui/src/libs/react-bootstrap/fields/ButtonGroup.js":{"path":"/home/rob/cl-react-ui/src/libs/react-bootstrap/fields/ButtonGroup.js","statementMap":{"0":{"start":{"line":3,"column":0},"end":{"line":5,"column":3}},"1":{"start":{"line":7,"column":19},"end":{"line":7,"column":563}},"2":{"start":{"line":7,"column":76},"end":{"line":7,"column":347}},"3":{"start":{"line":7,"column":134},"end":{"line":7,"column":142}},"4":{"start":{"line":7,"column":144},"end":{"line":7,"column":199}},"5":{"start":{"line":7,"column":200},"end":{"line":7,"column":231}},"6":{"start":{"line":7,"column":232},"end":{"line":7,"column":286}},"7":{"start":{"line":7,"column":259},"end":{"line":7,"column":286}},"8":{"start":{"line":7,"column":287},"end":{"line":7,"column":345}},"9":{"start":{"line":7,"column":350},"end":{"line":7,"column":559}},"10":{"start":{"line":7,"column":407},"end":{"line":7,"column":475}},"11":{"start":{"line":7,"column":423},"end":{"line":7,"column":475}},"12":{"start":{"line":7,"column":476},"end":{"line":7,"column":536}},"13":{"start":{"line":7,"column":493},"end":{"line":7,"column":536}},"14":{"start":{"line":7,"column":537},"end":{"line":7,"column":556}},"15":{"start":{"line":9,"column":13},"end":{"line":9,"column":29}},"16":{"start":{"line":11,"column":14},"end":{"line":11,"column":44}},"17":{"start":{"line":13,"column":22},"end":{"line":13,"column":48}},"18":{"start":{"line":15,"column":13},"end":{"line":15,"column":38}},"19":{"start":{"line":17,"column":39},"end":{"line":17,"column":93}},"20":{"start":{"line":19,"column":50},"end":{"line":19,"column":151}},"21":{"start":{"line":19,"column":92},"end":{"line":19,"column":149}},"22":{"start":{"line":21,"column":50},"end":{"line":21,"column":151}},"23":{"start":{"line":21,"column":63},"end":{"line":21,"column":149}},"24":{"start":{"line":21,"column":152},"end":{"line":21,"column":238}},"25":{"start":{"line":23,"column":43},"end":{"line":23,"column":208}},"26":{"start":{"line":23,"column":106},"end":{"line":23,"column":206}},"27":{"start":{"line":23,"column":209},"end":{"line":23,"column":373}},"28":{"start":{"line":23,"column":374},"end":{"line":23,"column":492}},"29":{"start":{"line":23,"column":390},"end":{"line":23,"column":492}},"30":{"start":{"line":25,"column":20},"end":{"line":123,"column":19}},"31":{"start":{"line":26,"column":2},"end":{"line":26,"column":39}},"32":{"start":{"line":29,"column":4},"end":{"line":29,"column":41}},"33":{"start":{"line":31,"column":16},"end":{"line":31,"column":133}},"34":{"start":{"line":33,"column":4},"end":{"line":33,"column":32}},"35":{"start":{"line":34,"column":4},"end":{"line":34,"column":17}},"36":{"start":{"line":44,"column":2},"end":{"line":120,"column":6}},"37":{"start":{"line":47,"column":19},"end":{"line":47,"column":23}},"38":{"start":{"line":49,"column":19},"end":{"line":49,"column":29}},"39":{"start":{"line":50,"column":18},"end":{"line":50,"column":30}},"40":{"start":{"line":51,"column":17},"end":{"line":51,"column":28}},"41":{"start":{"line":53,"column":6},"end":{"line":80,"column":9}},"42":{"start":{"line":54,"column":20},"end":{"line":56,"column":9}},"43":{"start":{"line":57,"column":18},"end":{"line":57,"column":50}},"44":{"start":{"line":58,"column":21},"end":{"line":58,"column":43}},"45":{"start":{"line":59,"column":19},"end":{"line":59,"column":21}},"46":{"start":{"line":61,"column":8},"end":{"line":69,"column":9}},"47":{"start":{"line":62,"column":18},"end":{"line":62,"column":40}},"48":{"start":{"line":63,"column":10},"end":{"line":68,"column":12}},"49":{"start":{"line":71,"column":8},"end":{"line":79,"column":10}},"50":{"start":{"line":75,"column":14},"end":{"line":75,"column":48}},"51":{"start":{"line":91,"column":20},"end":{"line":91,"column":30}},"52":{"start":{"line":92,"column":21},"end":{"line":92,"column":37}},"53":{"start":{"line":93,"column":17},"end":{"line":93,"column":29}},"54":{"start":{"line":95,"column":6},"end":{"line":95,"column":40}},"55":{"start":{"line":96,"column":6},"end":{"line":96,"column":37}},"56":{"start":{"line":107,"column":18},"end":{"line":107,"column":34}},"57":{"start":{"line":110,"column":6},"end":{"line":118,"column":8}},"58":{"start":{"line":122,"column":2},"end":{"line":122,"column":23}},"59":{"start":{"line":125,"column":0},"end":{"line":125,"column":32}}},"fnMap":{"0":{"name":"(anonymous_0)","decl":{"start":{"line":7,"column":19},"end":{"line":7,"column":20}},"loc":{"start":{"line":7,"column":31},"end":{"line":7,"column":561}},"line":7},"1":{"name":"defineProperties","decl":{"start":{"line":7,"column":42},"end":{"line":7,"column":58}},"loc":{"start":{"line":7,"column":74},"end":{"line":7,"column":349}},"line":7},"2":{"name":"(anonymous_2)","decl":{"start":{"line":7,"column":357},"end":{"line":7,"column":358}},"loc":{"start":{"line":7,"column":405},"end":{"line":7,"column":558}},"line":7},"3":{"name":"_interopRequireDefault","decl":{"start":{"line":17,"column":9},"end":{"line":17,"column":31}},"loc":{"start":{"line":17,"column":37},"end":{"line":17,"column":95}},"line":17},"4":{"name":"_classCallCheck","decl":{"start":{"line":19,"column":9},"end":{"line":19,"column":24}},"loc":{"start":{"line":19,"column":48},"end":{"line":19,"column":153}},"line":19},"5":{"name":"_possibleConstructorReturn","decl":{"start":{"line":21,"column":9},"end":{"line":21,"column":35}},"loc":{"start":{"line":21,"column":48},"end":{"line":21,"column":240}},"line":21},"6":{"name":"_inherits","decl":{"start":{"line":23,"column":9},"end":{"line":23,"column":18}},"loc":{"start":{"line":23,"column":41},"end":{"line":23,"column":494}},"line":23},"7":{"name":"(anonymous_7)","decl":{"start":{"line":25,"column":20},"end":{"line":25,"column":21}},"loc":{"start":{"line":25,"column":42},"end":{"line":123,"column":1}},"line":25},"8":{"name":"UiButtonGroup","decl":{"start":{"line":28,"column":11},"end":{"line":28,"column":24}},"loc":{"start":{"line":28,"column":32},"end":{"line":35,"column":3}},"line":28},"9":{"name":"buttons","decl":{"start":{"line":46,"column":20},"end":{"line":46,"column":27}},"loc":{"start":{"line":46,"column":35},"end":{"line":81,"column":5}},"line":46},"10":{"name":"(anonymous_10)","decl":{"start":{"line":53,"column":31},"end":{"line":53,"column":32}},"loc":{"start":{"line":53,"column":52},"end":{"line":80,"column":7}},"line":53},"11":{"name":"onClick","decl":{"start":{"line":74,"column":30},"end":{"line":74,"column":37}},"loc":{"start":{"line":74,"column":41},"end":{"line":76,"column":13}},"line":74},"12":{"name":"handleChange","decl":{"start":{"line":90,"column":20},"end":{"line":90,"column":32}},"loc":{"start":{"line":90,"column":36},"end":{"line":97,"column":5}},"line":90},"13":{"name":"render","decl":{"start":{"line":106,"column":20},"end":{"line":106,"column":26}},"loc":{"start":{"line":106,"column":29},"end":{"line":119,"column":5}},"line":106}},"branchMap":{"0":{"loc":{"start":{"line":7,"column":168},"end":{"line":7,"column":198}},"type":"binary-expr","locations":[{"start":{"line":7,"column":168},"end":{"line":7,"column":189}},{"start":{"line":7,"column":193},"end":{"line":7,"column":198}}],"line":7},"1":{"loc":{"start":{"line":7,"column":232},"end":{"line":7,"column":286}},"type":"if","locations":[{"start":{"line":7,"column":232},"end":{"line":7,"column":286}},{"start":{"line":7,"column":232},"end":{"line":7,"column":286}}],"line":7},"2":{"loc":{"start":{"line":7,"column":407},"end":{"line":7,"column":475}},"type":"if","locations":[{"start":{"line":7,"column":407},"end":{"line":7,"column":475}},{"start":{"line":7,"column":407},"end":{"line":7,"column":475}}],"line":7},"3":{"loc":{"start":{"line":7,"column":476},"end":{"line":7,"column":536}},"type":"if","locations":[{"start":{"line":7,"column":476},"end":{"line":7,"column":536}},{"start":{"line":7,"column":476},"end":{"line":7,"column":536}}],"line":7},"4":{"loc":{"start":{"line":17,"column":46},"end":{"line":17,"column":92}},"type":"cond-expr","locations":[{"start":{"line":17,"column":70},"end":{"line":17,"column":73}},{"start":{"line":17,"column":76},"end":{"line":17,"column":92}}],"line":17},"5":{"loc":{"start":{"line":17,"column":46},"end":{"line":17,"column":67}},"type":"binary-expr","locations":[{"start":{"line":17,"column":46},"end":{"line":17,"column":49}},{"start":{"line":17,"column":53},"end":{"line":17,"column":67}}],"line":17},"6":{"loc":{"start":{"line":19,"column":50},"end":{"line":19,"column":151}},"type":"if","locations":[{"start":{"line":19,"column":50},"end":{"line":19,"column":151}},{"start":{"line":19,"column":50},"end":{"line":19,"column":151}}],"line":19},"7":{"loc":{"start":{"line":21,"column":50},"end":{"line":21,"column":151}},"type":"if","locations":[{"start":{"line":21,"column":50},"end":{"line":21,"column":151}},{"start":{"line":21,"column":50},"end":{"line":21,"column":151}}],"line":21},"8":{"loc":{"start":{"line":21,"column":159},"end":{"line":21,"column":237}},"type":"cond-expr","locations":[{"start":{"line":21,"column":226},"end":{"line":21,"column":230}},{"start":{"line":21,"column":233},"end":{"line":21,"column":237}}],"line":21},"9":{"loc":{"start":{"line":21,"column":159},"end":{"line":21,"column":223}},"type":"binary-expr","locations":[{"start":{"line":21,"column":159},"end":{"line":21,"column":163}},{"start":{"line":21,"column":168},"end":{"line":21,"column":192}},{"start":{"line":21,"column":196},"end":{"line":21,"column":222}}],"line":21},"10":{"loc":{"start":{"line":23,"column":43},"end":{"line":23,"column":208}},"type":"if","locations":[{"start":{"line":23,"column":43},"end":{"line":23,"column":208}},{"start":{"line":23,"column":43},"end":{"line":23,"column":208}}],"line":23},"11":{"loc":{"start":{"line":23,"column":47},"end":{"line":23,"column":102}},"type":"binary-expr","locations":[{"start":{"line":23,"column":47},"end":{"line":23,"column":79}},{"start":{"line":23,"column":83},"end":{"line":23,"column":102}}],"line":23},"12":{"loc":{"start":{"line":23,"column":244},"end":{"line":23,"column":278}},"type":"binary-expr","locations":[{"start":{"line":23,"column":244},"end":{"line":23,"column":254}},{"start":{"line":23,"column":258},"end":{"line":23,"column":278}}],"line":23},"13":{"loc":{"start":{"line":23,"column":374},"end":{"line":23,"column":492}},"type":"if","locations":[{"start":{"line":23,"column":374},"end":{"line":23,"column":492}},{"start":{"line":23,"column":374},"end":{"line":23,"column":492}}],"line":23},"14":{"loc":{"start":{"line":23,"column":390},"end":{"line":23,"column":491}},"type":"cond-expr","locations":[{"start":{"line":23,"column":414},"end":{"line":23,"column":457}},{"start":{"line":23,"column":460},"end":{"line":23,"column":491}}],"line":23},"15":{"loc":{"start":{"line":31,"column":50},"end":{"line":31,"column":113}},"type":"binary-expr","locations":[{"start":{"line":31,"column":50},"end":{"line":31,"column":73}},{"start":{"line":31,"column":77},"end":{"line":31,"column":113}}],"line":31},"16":{"loc":{"start":{"line":61,"column":8},"end":{"line":69,"column":9}},"type":"if","locations":[{"start":{"line":61,"column":8},"end":{"line":69,"column":9}},{"start":{"line":61,"column":8},"end":{"line":69,"column":9}}],"line":61}},"s":{"0":1,"1":1,"2":1,"3":3,"4":3,"5":3,"6":3,"7":3,"8":3,"9":1,"10":1,"11":1,"12":1,"13":0,"14":1,"15":1,"16":1,"17":1,"18":1,"19":1,"20":6,"21":0,"22":6,"23":0,"24":6,"25":1,"26":0,"27":1,"28":1,"29":1,"30":1,"31":1,"32":6,"33":6,"34":6,"35":6,"36":1,"37":6,"38":6,"39":6,"40":6,"41":6,"42":9,"43":9,"44":9,"45":9,"46":9,"47":1,"48":1,"49":9,"50":1,"51":1,"52":1,"53":1,"54":1,"55":1,"56":6,"57":6,"58":1,"59":1},"f":{"0":1,"1":1,"2":1,"3":1,"4":6,"5":6,"6":1,"7":1,"8":6,"9":6,"10":9,"11":1,"12":1,"13":6},"b":{"0":[3,3],"1":[3,0],"2":[1,0],"3":[0,1],"4":[0,1],"5":[1,1],"6":[0,6],"7":[0,6],"8":[0,6],"9":[6,0,0],"10":[0,1],"11":[1,0],"12":[1,1],"13":[1,0],"14":[1,0],"15":[6,0],"16":[1,8]},"_coverageSchema":"332fd63041d2c1bcb487cc26dd0d5f7d97098a6c","hash":"7e89010591b932ed3a5f6b31ea896b3b82b2d459","contentHash":"b9b02bee770c8006a40ec1a26cb3ae6a_10.2.0"},"/home/rob/cl-react-ui/src/libs/react-bootstrap/layouts/index.js":{"path":"/home/rob/cl-react-ui/src/libs/react-bootstrap/layouts/index.js","statementMap":{"0":{"start":{"line":3,"column":0},"end":{"line":5,"column":3}},"1":{"start":{"line":6,"column":0},"end":{"line":6,"column":44}},"2":{"start":{"line":8,"column":15},"end":{"line":8,"column":35}},"3":{"start":{"line":10,"column":16},"end":{"line":10,"column":48}},"4":{"start":{"line":12,"column":13},"end":{"line":12,"column":31}},"5":{"start":{"line":14,"column":14},"end":{"line":14,"column":44}},"6":{"start":{"line":16,"column":39},"end":{"line":16,"column":93}},"7":{"start":{"line":18,"column":0},"end":{"line":18,"column":36}},"8":{"start":{"line":19,"column":0},"end":{"line":19,"column":32}}},"fnMap":{"0":{"name":"_interopRequireDefault","decl":{"start":{"line":16,"column":9},"end":{"line":16,"column":31}},"loc":{"start":{"line":16,"column":37},"end":{"line":16,"column":95}},"line":16}},"branchMap":{"0":{"loc":{"start":{"line":16,"column":46},"end":{"line":16,"column":92}},"type":"cond-expr","locations":[{"start":{"line":16,"column":70},"end":{"line":16,"column":73}},{"start":{"line":16,"column":76},"end":{"line":16,"column":92}}],"line":16},"1":{"loc":{"start":{"line":16,"column":46},"end":{"line":16,"column":67}},"type":"binary-expr","locations":[{"start":{"line":16,"column":46},"end":{"line":16,"column":49}},{"start":{"line":16,"column":53},"end":{"line":16,"column":67}}],"line":16}},"s":{"0":1,"1":1,"2":1,"3":1,"4":1,"5":1,"6":2,"7":1,"8":1},"f":{"0":2},"b":{"0":[2,0],"1":[2,2]},"_coverageSchema":"332fd63041d2c1bcb487cc26dd0d5f7d97098a6c","hash":"3ae170dca4ac7c8b3e9330e5dfe21afaadefd9fc","contentHash":"ae0b4a9830534a91bb787733b27d2d9e_10.2.0"},"/home/rob/cl-react-ui/src/libs/react-bootstrap/layouts/Default.js":{"path":"/home/rob/cl-react-ui/src/libs/react-bootstrap/layouts/Default.js","statementMap":{"0":{"start":{"line":3,"column":0},"end":{"line":5,"column":3}},"1":{"start":{"line":7,"column":19},"end":{"line":7,"column":563}},"2":{"start":{"line":7,"column":76},"end":{"line":7,"column":347}},"3":{"start":{"line":7,"column":134},"end":{"line":7,"column":142}},"4":{"start":{"line":7,"column":144},"end":{"line":7,"column":199}},"5":{"start":{"line":7,"column":200},"end":{"line":7,"column":231}},"6":{"start":{"line":7,"column":232},"end":{"line":7,"column":
[...]
51":{"loc":{"start":{"line":329,"column":6},"end":{"line":333,"column":7}},"type":"if","locations":[{"start":{"line":329,"column":6},"end":{"line":333,"column":7}},{"start":{"line":329,"column":6},"end":{"line":333,"column":7}}],"line":329},"52":{"loc":{"start":{"line":329,"column":10},"end":{"line":329,"column":51}},"type":"binary-expr","locations":[{"start":{"line":329,"column":10},"end":{"line":329,"column":12}},{"start":{"line":329,"column":16},"end":{"line":329,"column":25}},{"start":{"line":329,"column":29},"end":{"line":329,"column":51}}],"line":329}},"s":{"0":1,"1":1,"2":0,"3":0,"4":0,"5":0,"6":0,"7":0,"8":1,"9":1,"10":11,"11":11,"12":11,"13":11,"14":11,"15":11,"16":1,"17":1,"18":1,"19":1,"20":0,"21":1,"22":1,"23":1,"24":1,"25":1,"26":1,"27":1,"28":1,"29":1,"30":1,"31":1,"32":1,"33":1,"34":0,"35":0,"36":0,"37":0,"38":0,"39":0,"40":0,"41":3,"42":0,"43":0,"44":0,"45":0,"46":0,"47":16,"48":0,"49":16,"50":0,"51":16,"52":1,"53":0,"54":1,"55":1,"56":1,"57":1,"58":1,"59":1,"60":1,"61":16,"62":16,"63":16,"64":16,"65":16,"66":16,"67":16,"68":16,"69":16,"70":16,"71":16,"72":16,"73":1,"74":0,"75":0,"76":0,"77":0,"78":0,"79":0,"80":0,"81":0,"82":0,"83":0,"84":0,"85":0,"86":0,"87":0,"88":16,"89":16,"90":16,"91":0,"92":0,"93":0,"94":0,"95":0,"96":0,"97":0,"98":0,"99":0,"100":0,"101":0,"102":0,"103":0,"104":0,"105":0,"106":0,"107":0,"108":0,"109":0,"110":0,"111":0,"112":0,"113":0,"114":0,"115":0,"116":0,"117":0,"118":0,"119":0,"120":0,"121":0,"122":0,"123":0,"124":0,"125":0,"126":15,"127":15,"128":15,"129":15,"130":15,"131":3,"132":12,"133":12,"134":24,"135":12,"136":12,"137":0,"138":0,"139":0,"140":0,"141":0,"142":0,"143":0,"144":0,"145":0,"146":0,"147":0,"148":0,"149":0,"150":16,"151":16,"152":16,"153":13,"154":0,"155":3,"156":16,"157":16,"158":16,"159":16,"160":16,"161":16,"162":16,"163":16,"164":16,"165":16,"166":16,"167":16,"168":16,"169":16,"170":0,"171":16,"172":16,"173":16,"174":0,"175":0,"176":16,"177":0,"178":0,"179":0,"180":0,"181":1,"182":1},"f":{"0":0,"1":1,"2":1,"3":1,"4":1,"5":3,"6":0,"7":16,"8":16,"9":1,"10":1,"11":16,"12":0,"13":16,"14":0,"15":0,"16":0,"17":0,"18":0,"19":15,"20":0,"21":0,"22":16,"23":0,"24":16,"25":0,"26":0,"27":0,"28":0},"b":{"0":[1,0],"1":[0,0],"2":[11,11],"3":[11,0],"4":[1,0],"5":[0,1],"6":[1,0],"7":[1,1],"8":[0,0],"9":[0,0],"10":[2,1],"11":[3,3],"12":[0,0],"13":[0,16],"14":[0,16],"15":[0,16],"16":[16,0,0],"17":[0,1],"18":[1,0],"19":[1,1],"20":[1,0],"21":[1,0],"22":[16,0],"23":[16,16],"24":[0,0],"25":[0,0],"26":[0,0],"27":[16,0],"28":[0,16],"29":[0,0],"30":[0,0],"31":[0,0],"32":[0,0],"33":[0,0],"34":[0,0],"35":[0,0],"36":[0,0],"37":[0,0],"38":[0,0],"39":[3,12],"40":[15,12],"41":[12,12],"42":[24,24],"43":[12,0],"44":[12,12],"45":[0,0],"46":[0,0],"47":[0,0],"48":[0,0],"49":[0,0],"50":[13,3],"51":[0,16],"52":[16,16,16]},"_coverageSchema":"332fd63041d2c1bcb487cc26dd0d5f7d97098a6c","hash":"9e26dd1db1cf6eacbe6398f2ea6cbb7e92919906","contentHash":"599616be4b718c768069ec77fbfe96c9_10.2.0"},"/home/rob/cl-react-ui/src/list/ListRow.js":{"path":"/home/rob/cl-react-ui/src/list/ListRow.js","statementMap":{"0":{"start":{"line":3,"column":0},"end":{"line":5,"column":3}},"1":{"start":{"line":7,"column":15},"end":{"line":7,"column":256}},"2":{"start":{"line":7,"column":52},"end":{"line":7,"column":239}},"3":{"start":{"line":7,"column":110},"end":{"line":7,"column":122}},"4":{"start":{"line":7,"column":124},"end":{"line":7,"column":237}},"5":{"start":{"line":7,"column":150},"end":{"line":7,"column":235}},"6":{"start":{"line":7,"column":207},"end":{"line":7,"column":233}},"7":{"start":{"line":7,"column":240},"end":{"line":7,"column":254}},"8":{"start":{"line":9,"column":19},"end":{"line":9,"column":563}},"9":{"start":{"line":9,"column":76},"end":{"line":9,"column":347}},"10":{"start":{"line":9,"column":134},"end":{"line":9,"column":142}},"11":{"start":{"line":9,"column":144},"end":{"line":9,"column":199}},"12":{"start":{"line":9,"column":200},"end":{"line":9,"column":231}},"13":{"start":{"line":9,"column":232},"end":{"line":9,"column":286}},"14":{"start":{"line":9,"column":259},"end":{"line":9,"column":286}},"15":{"start":{"line":9,"column":287},"end":{"line":9,"column":345}},"16":{"start":{"line":9,"column":350},"end":{"line":9,"column":559}},"17":{"start":{"line":9,"column":407},"end":{"line":9,"column":475}},"18":{"start":{"line":9,"column":423},"end":{"line":9,"column":475}},"19":{"start":{"line":9,"column":476},"end":{"line":9,"column":536}},"20":{"start":{"line":9,"column":493},"end":{"line":9,"column":536}},"21":{"start":{"line":9,"column":537},"end":{"line":9,"column":556}},"22":{"start":{"line":11,"column":13},"end":{"line":11,"column":29}},"23":{"start":{"line":13,"column":14},"end":{"line":13,"column":44}},"24":{"start":{"line":15,"column":16},"end":{"line":15,"column":37}},"25":{"start":{"line":17,"column":17},"end":{"line":17,"column":50}},"26":{"start":{"line":19,"column":11},"end":{"line":19,"column":39}},"27":{"start":{"line":21,"column":12},"end":{"line":21,"column":40}},"28":{"start":{"line":23,"column":22},"end":{"line":23,"column":48}},"29":{"start":{"line":25,"column":13},"end":{"line":25,"column":32}},"30":{"start":{"line":27,"column":39},"end":{"line":27,"column":93}},"31":{"start":{"line":29,"column":44},"end":{"line":29,"column":195}},"32":{"start":{"line":29,"column":62},"end":{"line":29,"column":166}},"33":{"start":{"line":29,"column":176},"end":{"line":29,"column":193}},"34":{"start":{"line":29,"column":196},"end":{"line":29,"column":207}},"35":{"start":{"line":31,"column":50},"end":{"line":31,"column":151}},"36":{"start":{"line":31,"column":92},"end":{"line":31,"column":149}},"37":{"start":{"line":33,"column":50},"end":{"line":33,"column":151}},"38":{"start":{"line":33,"column":63},"end":{"line":33,"column":149}},"39":{"start":{"line":33,"column":152},"end":{"line":33,"column":238}},"40":{"start":{"line":35,"column":43},"end":{"line":35,"column":208}},"41":{"start":{"line":35,"column":106},"end":{"line":35,"column":206}},"42":{"start":{"line":35,"column":209},"end":{"line":35,"column":373}},"43":{"start":{"line":35,"column":374},"end":{"line":35,"column":492}},"44":{"start":{"line":35,"column":390},"end":{"line":35,"column":492}},"45":{"start":{"line":40,"column":14},"end":{"line":144,"column":19}},"46":{"start":{"line":41,"column":2},"end":{"line":41,"column":33}},"47":{"start":{"line":44,"column":4},"end":{"line":44,"column":35}},"48":{"start":{"line":46,"column":16},"end":{"line":46,"column":121}},"49":{"start":{"line":48,"column":4},"end":{"line":50,"column":6}},"50":{"start":{"line":51,"column":4},"end":{"line":51,"column":17}},"51":{"start":{"line":60,"column":2},"end":{"line":141,"column":6}},"52":{"start":{"line":63,"column":19},"end":{"line":63,"column":29}},"53":{"start":{"line":64,"column":20},"end":{"line":64,"column":34}},"54":{"start":{"line":65,"column":16},"end":{"line":65,"column":26}},"55":{"start":{"line":66,"column":22},"end":{"line":66,"column":38}},"56":{"start":{"line":67,"column":24},"end":{"line":67,"column":42}},"57":{"start":{"line":69,"column":6},"end":{"line":73,"column":7}},"58":{"start":{"line":70,"column":8},"end":{"line":70,"column":23}},"59":{"start":{"line":72,"column":8},"end":{"line":72,"column":25}},"60":{"start":{"line":78,"column":19},"end":{"line":78,"column":23}},"61":{"start":{"line":80,"column":20},"end":{"line":80,"column":30}},"62":{"start":{"line":81,"column":16},"end":{"line":81,"column":27}},"63":{"start":{"line":82,"column":20},"end":{"line":82,"column":35}},"64":{"start":{"line":83,"column":20},"end":{"line":83,"column":35}},"65":{"start":{"line":84,"column":21},"end":{"line":84,"column":37}},"66":{"start":{"line":85,"column":20},"end":{"line":85,"column":35}},"67":{"start":{"line":87,"column":24},"end":{"line":87,"column":44}},"68":{"start":{"line":88,"column":18},"end":{"line":114,"column":8}},"69":{"start":{"line":91,"column":17},"end":{"line":91,"column":36}},"70":{"start":{"line":92,"column":19},"end":{"line":92,"column":25}},"71":{"start":{"line":94,"column":8},"end":{"line":100,"column":9}},"72":{"start":{"line":95,"column":10},"end":{"line":96,"column":43}},"73":{"start":{"line":98,"column":10},"end":{"line":99,"column":47}},"74":{"start":{"line":101,"column":8},"end":{"line":107,"column":9}},"75":{"start":{"line":102,"column":10},"end":{"line":106,"column":12}},"76":{"start":{"line":108,"column":8},"end":{"line":113,"column":10}},"77":{"start":{"line":116,"column":6},"end":{"line":122,"column":9}},"78":{"start":{"line":120,"column":12},"end":{"line":120,"column":39}},"79":{"start":{"line":124,"column":6},"end":{"line":124,"column":19}},"80":{"start":{"line":135,"column":6},"end":{"line":139,"column":8}},"81":{"start":{"line":143,"column":2},"end":{"line":143,"column":17}},"82":{"start":{"line":146,"column":0},"end":{"line":146,"column":26}}},"fnMap":{"0":{"name":"(anonymous_0)","decl":{"start":{"line":7,"column":32},"end":{"line":7,"column":33}},"loc":{"start":{"line":7,"column":50},"end":{"line":7,"column":256}},"line":7},"1":{"name":"(anonymous_1)","decl":{"start":{"line":9,"column":19},"end":{"line":9,"column":20}},"loc":{"start":{"line":9,"column":31},"end":{"line":9,"column":561}},"line":9},"2":{"name":"defineProperties","decl":{"start":{"line":9,"column":42},"end":{"line":9,"column":58}},"loc":{"start":{"line":9,"column":74},"end":{"line":9,"column":349}},"line":9},"3":{"name":"(anonymous_3)","decl":{"start":{"line":9,"column":357},"end":{"line":9,"column":358}},"loc":{"start":{"line":9,"column":405},"end":{"line":9,"column":558}},"line":9},"4":{"name":"_interopRequireDefault","decl":{"start":{"line":27,"column":9},"end":{"line":27,"column":31}},"loc":{"start":{"line":27,"column":37},"end":{"line":27,"column":95}},"line":27},"5":{"name":"_defineProperty","decl":{"start":{"line":29,"column":9},"end":{"line":29,"column":24}},"loc":{"start":{"line":29,"column":42},"end":{"line":29,"column":209}},"line":29},"6":{"name":"_classCallCheck","decl":{"start":{"line":31,"column":9},"end":{"line":31,"column":24}},"loc":{"start":{"line":31,"column":48},"end":{"line":31,"column":153}},"line":31},"7":{"name":"_possibleConstructorReturn","decl":{"start":{"line":33,"column":9},"end":{"line":33,"column":35}},"loc":{"start":{"line":33,"column":48},"end":{"line":33,"column":240}},"line":33},"8":{"name":"_inherits","decl":{"start":{"line":35,"column":9},"end":{"line":35,"column":18}},"loc":{"start":{"line":35,"column":41},"end":{"line":35,"column":494}},"line":35},"9":{"name":"(anonymous_9)","decl":{"start":{"line":40,"column":14},"end":{"line":40,"column":15}},"loc":{"start":{"line":40,"column":36},"end":{"line":144,"column":1}},"line":40},"10":{"name":"ListRow","decl":{"start":{"line":43,"column":11},"end":{"line":43,"column":18}},"loc":{"start":{"line":43,"column":26},"end":{"line":52,"column":3}},"line":43},"11":{"name":"toggleRow","decl":{"start":{"line":62,"column":20},"end":{"line":62,"column":29}},"loc":{"start":{"line":62,"column":33},"end":{"line":74,"column":5}},"line":62},"12":{"name":"cells","decl":{"start":{"line":77,"column":20},"end":{"line":77,"column":25}},"loc":{"start":{"line":77,"column":28},"end":{"line":125,"column":5}},"line":77},"13":{"name":"(anonymous_13)","decl":{"start":{"line":88,"column":34},"end":{"line":88,"column":35}},"loc":{"start":{"line":88,"column":61},"end":{"line":114,"column":7}},"line":88},"14":{"name":"onClick","decl":{"start":{"line":119,"column":103},"end":{"line":119,"column":110}},"loc":{"start":{"line":119,"column":114},"end":{"line":121,"column":11}},"line":119},"15":{"name":"render","decl":{"start":{"line":134,"column":20},"end":{"line":134,"column":26}},"loc":{"start":{"line":134,"column":29},"end":{"line":140,"column":5}},"line":134}},"branchMap":{"0":{"loc":{"start":{"line":7,"column":15},"end":{"line":7,"column":256}},"type":"binary-expr","locations":[{"start":{"line":7,"column":15},"end":{"line":7,"column":28}},{"start":{"line":7,"column":32},"end":{"line":7,"column":256}}],"line":7},"1":{"loc":{"start":{"line":7,"column":150},"end":{"line":7,"column":235}},"type":"if","locations":[{"start":{"line":7,"column":150},"end":{"line":7,"column":235}},{"start":{"line":7,"column":150},"end":{"line":7,"column":235}}],"line":7},"2":{"loc":{"start":{"line":9,"column":168},"end":{"line":9,"column":198}},"type":"binary-expr","locations":[{"start":{"line":9,"column":168},"end":{"line":9,"column":189}},{"start":{"line":9,"column":193},"end":{"line":9,"column":198}}],"line":9},"3":{"loc":{"start":{"line":9,"column":232},"end":{"line":9,"column":286}},"type":"if","locations":[{"start":{"line":9,"column":232},"end":{"line":9,"column":286}},{"start":{"line":9,"column":232},"end":{"line":9,"column":286}}],"line":9},"4":{"loc":{"start":{"line":9,"column":407},"end":{"line":9,"column":475}},"type":"if","locations":[{"start":{"line":9,"column":407},"end":{"line":9,"column":475}},{"start":{"line":9,"column":407},"end":{"line":9,"column":475}}],"line":9},"5":{"loc":{"start":{"line":9,"column":476},"end":{"line":9,"column":536}},"type":"if","locations":[{"start":{"line":9,"column":476},"end":{"line":9,"column":536}},{"start":{"line":9,"column":476},"end":{"line":9,"column":536}}],"line":9},"6":{"loc":{"start":{"line":27,"column":46},"end":{"line":27,"column":92}},"type":"cond-expr","locations":[{"start":{"line":27,"column":70},"end":{"line":27,"column":73}},{"start":{"line":27,"column":76},"end":{"line":27,"column":92}}],"line":27},"7":{"loc":{"start":{"line":27,"column":46},"end":{"line":27,"column":67}},"type":"binary-expr","locations":[{"start":{"line":27,"column":46},"end":{"line":27,"column":49}},{"start":{"line":27,"column":53},"end":{"line":27,"column":67}}],"line":27},"8":{"loc":{"start":{"line":29,"column":44},"end":{"line":29,"column":195}},"type":"if","locations":[{"start":{"line":29,"column":44},"end":{"line":29,"column":195}},{"start":{"line":29,"column":44},"end":{"line":29,"column":195}}],"line":29},"9":{"loc":{"start":{"line":31,"column":50},"end":{"line":31,"column":151}},"type":"if","locations":[{"start":{"line":31,"column":50},"end":{"line":31,"column":151}},{"start":{"line":31,"column":50},"end":{"line":31,"column":151}}],"line":31},"10":{"loc":{"start":{"line":33,"column":50},"end":{"line":33,"column":151}},"type":"if","locations":[{"start":{"line":33,"column":50},"end":{"line":33,"column":151}},{"start":{"line":33,"column":50},"end":{"line":33,"column":151}}],"line":33},"11":{"loc":{"start":{"line":33,"column":159},"end":{"line":33,"column":237}},"type":"cond-expr","locations":[{"start":{"line":33,"column":226},"end":{"line":33,"column":230}},{"start":{"line":33,"column":233},"end":{"line":33,"column":237}}],"line":33},"12":{"loc":{"start":{"line":33,"column":159},"end":{"line":33,"column":223}},"type":"binary-expr","locations":[{"start":{"line":33,"column":159},"end":{"line":33,"column":163}},{"start":{"line":33,"column":168},"end":{"line":33,"column":192}},{"start":{"line":33,"column":196},"end":{"line":33,"column":222}}],"line":33},"13":{"loc":{"start":{"line":35,"column":43},"end":{"line":35,"column":208}},"type":"if","locations":[{"start":{"line":35,"column":43},"end":{"line":35,"column":208}},{"start":{"line":35,"column":43},"end":{"line":35,"column":208}}],"line":35},"14":{"loc":{"start":{"line":35,"column":47},"end":{"line":35,"column":102}},"type":"binary-expr","locations":[{"start":{"line":35,"column":47},"end":{"line":35,"column":79}},{"start":{"line":35,"column":83},"end":{"line":35,"column":102}}],"line":35},"15":{"loc":{"start":{"line":35,"column":244},"end":{"line":35,"column":278}},"type":"binary-expr","locations":[{"start":{"line":35,"column":244},"end":{"line":35,"column":254}},{"start":{"line":35,"column":258},"end":{"line":35,"column":278}}],"line":35},"16":{"loc":{"start":{"line":35,"column":374},"end":{"line":35,"column":492}},"type":"if","locations":[{"start":{"line":35,"column":374},"end":{"line":35,"column":492}},{"start":{"line":35,"column":374},"end":{"line":35,"column":492}}],"line":35},"17":{"loc":{"start":{"line":35,"column":390},"end":{"line":35,"column":491}},"type":"cond-expr","locations":[{"start":{"line":35,"column":414},"end":{"line":35,"column":457}},{"start":{"line":35,"column":460},"end":{"line":35,"column":491}}],"line":35},"18":{"loc":{"start":{"line":46,"column":50},"end":{"line":46,"column":101}},"type":"binary-expr","locations":[{"start":{"line":46,"column":50},"end":{"line":46,"column":67}},{"start":{"line":46,"column":71},"end":{"line":46,"column":101}}],"line":46},"19":{"loc":{"start":{"line":69,"column":6},"end":{"line":73,"column":7}},"type":"if","locations":[{"start":{"line":69,"column":6},"end":{"line":73,"column":7}},{"start":{"line":69,"column":6},"end":{"line":73,"column":7}}],"line":69},"20":{"loc":{"start":{"line":94,"column":8},"end":{"line":100,"column":9}},"type":"if","locations":[{"start":{"line":94,"column":8},"end":{"line":100,"column":9}},{"start":{"line":94,"column":8},"end":{"line":100,"column":9}}],"line":94},"21":{"loc":{"start":{"line":101,"column":8},"end":{"line":107,"column":9}},"type":"if","locations":[{"start":{"line":101,"column":8},"end":{"line":107,"column":9}},{"start":{"line":101,"column":8},"end":{"line":107,"column":9}}],"line":101}},"s":{"0":1,"1":1,"2":0,"3":0,"4":0,"5":0,"6":0,"7":0,"8":1,"9":1,"10":3,"11":3,"12":3,"13":3,"14":3,"15":3,"16":1,"17":1,"18":1,"19":1,"20":0,"21":1,"22":1,"23":1,"24":1,"25":1,"26":1,"27":1,"28":1,"29":1,"30":3,"31":10,"32":5,"33":5,"34":10,"35":5,"36":0,"37":5,"38":0,"39":5,"40":1,"41":0,"42":1,"43":1,"44":1,"45":1,"46":1,"47":5,"48":5,"49":5,"50":5,"51":1,"52":2,"53":2,"54":2,"55":2,"56":2,"57":2,"58":2,"59":0,"60":5,"61":5,"62":5,"63":5,"64":5,"65":5,"66":5,"67":5,"68":5,"69":5,"70":5,"71":5,"72":1,"73":4,"74":5,"75":1,"76":5,"77":5,"78":2,"79":5,"80":5,"81":1,"82":1},"f":{"0":0,"1":1,"2":1,"3":1,"4":3,"5":10,"6":5,"7":5,"8":1,"9":1,"10":5,"11":2,"12":5,"13":5,"14":2,"15":5},"b":{"0":[1,0],"1":[0,0],"2":[3,3],"3":[3,0],"4":[1,0],"5":[0,1],"6":[2,1],"7":[3,3],"8":[5,5],"9":[0,5],"10":[0,5],"11":[0,5],"12":[5,0,0],"13":[0,1],"14":[1,0],"15":[1,1],"16":[1,0],"17":[1,0],"18":[5,0],"19":[2,0],"20":[1,4],"21":[1,4]},"_coverageSchema":"332fd63041d2c1bcb487cc26dd0d5f7d97098a6c","hash":"6b3be8b1ae47b486d14ac89b5af6efa37b534db0","contentHash":"b36b635a1f806320b159d7d28ad85757_10.2.0"},"/home/rob/cl-react-ui/src/list/ListCell.js":{"path":"/home/rob/cl-react-ui/src/list/ListCell.js","statementMap":{"0":{"start":{"line":3,"column":0},"end":{"line":5,"column":3}},"1":{"start":{"line":7,"column":13},"end":{"line":7,"column":29}},"2":{"start":{"line":9,"column":14},"end":{"line":9,"column":44}},"3":{"start":{"line":11,"column":39},"end":{"line":11,"column":93}},"4":{"start":{"line":13,"column":0},"end":{"line":20,"column":2}},"5":{"start":{"line":14,"column":13},"end":{"line":14,"column":22}},"6":{"start":{"line":15,"column":2},"end":{"line":19,"column":4}}},"fnMap":{"0":{"name":"_interopRequireDefault","decl":{"start":{"line":11,"column":9},"end":{"line":11,"column":31}},"loc":{"start":{"line":11,"column":37},"end":{"line":11,"column":95}},"line":11},"1":{"name":"(anonymous_1)","decl":{"start":{"line":13,"column":18},"end":{"line":13,"column":19}},"loc":{"start":{"line":13,"column":34},"end":{"line":20,"column":1}},"line":13}},"branchMap":{"0":{"loc":{"start":{"line":11,"column":46},"end":{"line":11,"column":92}},"type":"cond-expr","locations":[{"start":{"line":11,"column":70},"end":{"line":11,"column":73}},{"start":{"line":11,"column":76},"end":{"line":11,"column":92}}],"line":11},"1":{"loc":{"start":{"line":11,"column":46},"end":{"line":11,"column":67}},"type":"binary-expr","locations":[{"start":{"line":11,"column":46},"end":{"line":11,"column":49}},{"start":{"line":11,"column":53},"end":{"line":11,"column":67}}],"line":11}},"s":{"0":1,"1":1,"2":1,"3":1,"4":1,"5":1,"6":1},"f":{"0":1,"1":1},"b":{"0":[0,1],"1":[1,1]},"_coverageSchema":"332fd63041d2c1bcb487cc26dd0d5f7d97098a6c","hash":"44cc45a243b5475c92ac90a86b4538aed959d239","contentHash":"15a4eecae14c7bc688650864c47c25b6_10.2.0"}}